::1 - - [08/Feb/2022:11:59:04 +0100] "GET / HTTP/1.1" 200 2810
::1 - - [08/Feb/2022:11:59:04 +0100] "GET /css/main.css HTTP/1.1" 200 380
::1 - - [08/Feb/2022:11:59:04 +0100] "GET /js/background.js HTTP/1.1" 200 612
::1 - - [08/Feb/2022:11:59:04 +0100] "GET /backgrounds/002.jpg HTTP/1.1" 200 1205195
::1 - - [08/Feb/2022:11:59:04 +0100] "GET /favicon.ico HTTP/1.1" 404 297
::1 - - [08/Feb/2022:11:59:07 +0100] "GET /?lang=hu HTTP/1.1" 200 2810
::1 - - [08/Feb/2022:11:59:07 +0100] "GET /backgrounds/015.jpg HTTP/1.1" 200 1386900
::1 - - [08/Feb/2022:11:59:08 +0100] "GET /?lang=en HTTP/1.1" 200 2771
::1 - - [08/Feb/2022:11:59:08 +0100] "GET /backgrounds/001.jpg HTTP/1.1" 200 1510471
::1 - - [08/Feb/2022:11:59:20 +0100] "GET /?lang=hu HTTP/1.1" 200 2810
::1 - - [08/Feb/2022:11:59:20 +0100] "GET /backgrounds/014.jpg HTTP/1.1" 200 1724634
::1 - - [08/Feb/2022:11:59:24 +0100] "GET /?lang=en HTTP/1.1" 200 2771
::1 - - [08/Feb/2022:11:59:24 +0100] "GET /backgrounds/009.jpg HTTP/1.1" 200 1067089
::1 - - [08/Feb/2022:11:59:27 +0100] "GET /?lang=hu HTTP/1.1" 200 2810
::1 - - [08/Feb/2022:11:59:27 +0100] "GET /backgrounds/005.jpg HTTP/1.1" 200 858376
::1 - - [08/Feb/2022:11:59:40 +0100] "GET /pages/register.php HTTP/1.1" 200 77
::1 - - [08/Feb/2022:11:59:42 +0100] "GET /pages/login.php HTTP/1.1" 200 3407
::1 - - [08/Feb/2022:11:59:42 +0100] "GET /css/index.css HTTP/1.1" 404 297
::1 - - [08/Feb/2022:11:59:42 +0100] "GET /pages/backgrounds/005.jpg HTTP/1.1" 404 297
::1 - - [08/Feb/2022:11:59:47 +0100] "GET /pages/login.php HTTP/1.1" 200 3407
::1 - - [08/Feb/2022:11:59:47 +0100] "GET /css/index.css HTTP/1.1" 404 297
::1 - - [08/Feb/2022:11:59:48 +0100] "GET /pages/backgrounds/003.jpg HTTP/1.1" 404 297
::1 - - [08/Feb/2022:11:59:49 +0100] "GET /backgrounds/004.jpg HTTP/1.1" 200 1293520
::1 - - [08/Feb/2022:11:59:51 +0100] "GET /?lang=en HTTP/1.1" 200 2771
::1 - - [08/Feb/2022:11:59:51 +0100] "GET /css/main.css HTTP/1.1" 304 -
::1 - - [08/Feb/2022:11:59:51 +0100] "GET /js/background.js HTTP/1.1" 304 -
::1 - - [08/Feb/2022:12:00:15 +0100] "GET /pages/login.php HTTP/1.1" 200 3407
::1 - - [08/Feb/2022:12:00:15 +0100] "GET /css/index.css HTTP/1.1" 404 297
::1 - - [08/Feb/2022:12:00:15 +0100] "GET /pages/backgrounds/009.jpg HTTP/1.1" 404 297
::1 - - [08/Feb/2022:12:02:38 +0100] "GET /pages/login.php HTTP/1.1" 200 4034
::1 - - [08/Feb/2022:12:02:38 +0100] "GET /pages/css/main.css HTTP/1.1" 404 297
::1 - - [08/Feb/2022:12:02:38 +0100] "GET /pages/js/background.js HTTP/1.1" 404 297
::1 - - [08/Feb/2022:12:02:38 +0100] "GET /pages/js/background.js HTTP/1.1" 404 297
::1 - - [08/Feb/2022:12:03:00 +0100] "GET /pages/login.php HTTP/1.1" 200 4034
::1 - - [08/Feb/2022:12:03:00 +0100] "GET /pages/css/main.css HTTP/1.1" 404 297
::1 - - [08/Feb/2022:12:03:00 +0100] "GET /pages/js/background.js HTTP/1.1" 404 297
::1 - - [08/Feb/2022:12:03:00 +0100] "GET /pages/js/background.js HTTP/1.1" 404 297
::1 - - [08/Feb/2022:12:03:59 +0100] "GET /pages/login.php HTTP/1.1" 200 2104
::1 - - [08/Feb/2022:12:03:59 +0100] "GET /pages/css/main.css HTTP/1.1" 404 297
::1 - - [08/Feb/2022:12:03:59 +0100] "GET /pages/js/background.js HTTP/1.1" 404 297
::1 - - [08/Feb/2022:12:03:59 +0100] "GET /pages/js/background.js HTTP/1.1" 404 297
::1 - - [08/Feb/2022:12:04:00 +0100] "GET /pages/login.php HTTP/1.1" 200 2104
::1 - - [08/Feb/2022:12:04:00 +0100] "GET /pages/css/main.css HTTP/1.1" 404 297
::1 - - [08/Feb/2022:12:04:00 +0100] "GET /pages/js/background.js HTTP/1.1" 404 297
::1 - - [08/Feb/2022:12:04:00 +0100] "GET /pages/js/background.js HTTP/1.1" 404 297
::1 - - [08/Feb/2022:12:04:14 +0100] "GET /pages/login.php HTTP/1.1" 200 2876
::1 - - [08/Feb/2022:12:04:14 +0100] "GET /pages/css/main.css HTTP/1.1" 404 297
::1 - - [08/Feb/2022:12:04:14 +0100] "GET /pages/js/background.js HTTP/1.1" 404 297
::1 - - [08/Feb/2022:12:04:14 +0100] "GET /pages/js/background.js HTTP/1.1" 404 297
::1 - - [08/Feb/2022:12:04:14 +0100] "GET /pages/login.php HTTP/1.1" 200 2876
::1 - - [08/Feb/2022:12:04:14 +0100] "GET /pages/css/main.css HTTP/1.1" 404 297
::1 - - [08/Feb/2022:12:04:14 +0100] "GET /pages/js/background.js HTTP/1.1" 404 297
::1 - - [08/Feb/2022:12:04:14 +0100] "GET /pages/js/background.js HTTP/1.1" 404 297
::1 - - [08/Feb/2022:12:04:38 +0100] "GET /pages/login.php HTTP/1.1" 200 2882
::1 - - [08/Feb/2022:12:04:38 +0100] "GET /css/main.css HTTP/1.1" 304 -
::1 - - [08/Feb/2022:12:04:38 +0100] "GET /js/background.js HTTP/1.1" 304 -
::1 - - [08/Feb/2022:12:04:38 +0100] "GET /pages/backgrounds/003.jpg HTTP/1.1" 404 297
::1 - - [08/Feb/2022:12:04:39 +0100] "GET /pages/login.php HTTP/1.1" 200 2882
::1 - - [08/Feb/2022:12:04:39 +0100] "GET /pages/backgrounds/010.jpg HTTP/1.1" 404 297
::1 - - [08/Feb/2022:12:05:35 +0100] "GET /pages/login.php HTTP/1.1" 200 1671
::1 - - [08/Feb/2022:12:05:50 +0100] "GET /pages/login.php HTTP/1.1" 200 2882
::1 - - [08/Feb/2022:12:05:50 +0100] "GET /css/main.css HTTP/1.1" 304 -
::1 - - [08/Feb/2022:12:05:50 +0100] "GET /js/background.js HTTP/1.1" 304 -
::1 - - [08/Feb/2022:12:05:50 +0100] "GET /pages/backgrounds/010.jpg HTTP/1.1" 404 297
::1 - - [08/Feb/2022:12:06:27 +0100] "GET /pages/login.php HTTP/1.1" 200 2884
::1 - - [08/Feb/2022:12:06:27 +0100] "GET /pages/backgrounds/003.jpg HTTP/1.1" 404 297
::1 - - [08/Feb/2022:12:06:35 +0100] "GET /pages/login.php HTTP/1.1" 200 1671
::1 - - [08/Feb/2022:12:07:05 +0100] "GET /pages/login.php HTTP/1.1" 200 1671
::1 - - [08/Feb/2022:12:07:15 +0100] "GET /pages/login.php HTTP/1.1" 200 1671
::1 - - [08/Feb/2022:12:07:39 +0100] "GET /pages/login.php HTTP/1.1" 200 1138
::1 - - [08/Feb/2022:12:08:14 +0100] "GET /pages/login.php HTTP/1.1" 200 2175
::1 - - [08/Feb/2022:12:08:14 +0100] "GET /css/main.css HTTP/1.1" 304 -
::1 - - [08/Feb/2022:12:08:14 +0100] "GET /js/background.js HTTP/1.1" 304 -
::1 - - [08/Feb/2022:12:08:14 +0100] "GET /pages/backgrounds/003.jpg HTTP/1.1" 404 297
::1 - - [08/Feb/2022:12:08:16 +0100] "GET /pages/login.php?lang=en HTTP/1.1" 200 2175
::1 - - [08/Feb/2022:12:08:16 +0100] "GET /pages/backgrounds/015.jpg HTTP/1.1" 404 297
::1 - - [08/Feb/2022:12:08:17 +0100] "GET /pages/login.php?lang=hu HTTP/1.1" 200 2172
::1 - - [08/Feb/2022:12:08:18 +0100] "GET /pages/backgrounds/001.jpg HTTP/1.1" 404 297
::1 - - [08/Feb/2022:12:08:19 +0100] "GET /pages/backgrounds/008.jpg HTTP/1.1" 404 297
::1 - - [08/Feb/2022:12:08:22 +0100] "GET /?lang=en HTTP/1.1" 200 1674
::1 - - [08/Feb/2022:12:08:23 +0100] "GET /?lang=en HTTP/1.1" 200 1674
::1 - - [08/Feb/2022:12:08:35 +0100] "GET /?lang=en HTTP/1.1" 200 1674
::1 - - [08/Feb/2022:12:08:39 +0100] "GET / HTTP/1.1" 200 1674
::1 - - [08/Feb/2022:12:09:17 +0100] "GET / HTTP/1.1" 200 1674
::1 - - [08/Feb/2022:12:09:40 +0100] "GET / HTTP/1.1" 200 1674
::1 - - [08/Feb/2022:12:09:42 +0100] "GET /backgrounds/007.jpg HTTP/1.1" 200 1546631
::1 - - [08/Feb/2022:12:09:44 +0100] "GET /?lang=hu HTTP/1.1" 200 1674
::1 - - [08/Feb/2022:12:09:59 +0100] "GET /?lang=hu HTTP/1.1" 200 2810
::1 - - [08/Feb/2022:12:09:59 +0100] "GET /css/main.css HTTP/1.1" 304 -
::1 - - [08/Feb/2022:12:09:59 +0100] "GET /js/background.js HTTP/1.1" 304 -
::1 - - [08/Feb/2022:12:09:59 +0100] "GET /backgrounds/013.jpg HTTP/1.1" 200 1146859
::1 - - [08/Feb/2022:12:10:01 +0100] "GET /?lang=en HTTP/1.1" 200 2771
::1 - - [08/Feb/2022:12:10:01 +0100] "GET /backgrounds/001.jpg HTTP/1.1" 304 -
::1 - - [08/Feb/2022:12:10:02 +0100] "GET /pages/login.php HTTP/1.1" 200 2882
::1 - - [08/Feb/2022:12:10:03 +0100] "GET /pages/backgrounds/010.jpg HTTP/1.1" 404 297
::1 - - [08/Feb/2022:12:10:03 +0100] "GET /pages/login.php HTTP/1.1" 200 2882
::1 - - [08/Feb/2022:12:10:04 +0100] "GET /pages/backgrounds/004.jpg HTTP/1.1" 404 297
::1 - - [08/Feb/2022:12:10:48 +0100] "GET /pages/login.php HTTP/1.1" 200 2910
::1 - - [08/Feb/2022:12:10:48 +0100] "GET /pages/backgrounds/005.jpg HTTP/1.1" 404 297
::1 - - [08/Feb/2022:12:10:50 +0100] "GET /backgrounds/010.jpg HTTP/1.1" 200 125930
::1 - - [08/Feb/2022:12:10:51 +0100] "GET /?lang=en HTTP/1.1" 200 2773
::1 - - [08/Feb/2022:12:10:51 +0100] "GET /?lang=en HTTP/1.1" 200 2773
::1 - - [08/Feb/2022:12:10:51 +0100] "GET /backgrounds/006.jpg HTTP/1.1" 200 1473730
::1 - - [08/Feb/2022:12:10:52 +0100] "GET /?lang=hu HTTP/1.1" 200 2812
::1 - - [08/Feb/2022:12:10:52 +0100] "GET /backgrounds/003.jpg HTTP/1.1" 200 1438158
::1 - - [08/Feb/2022:12:10:53 +0100] "GET /?lang=hu HTTP/1.1" 200 2812
::1 - - [08/Feb/2022:12:10:53 +0100] "GET /backgrounds/004.jpg HTTP/1.1" 304 -
::1 - - [08/Feb/2022:12:10:55 +0100] "GET /pages/login.php HTTP/1.1" 200 2910
::1 - - [08/Feb/2022:12:10:55 +0100] "GET /pages/backgrounds/012.jpg HTTP/1.1" 404 297
::1 - - [08/Feb/2022:12:11:18 +0100] "GET /pages/login.php HTTP/1.1" 200 2908
::1 - - [08/Feb/2022:12:11:18 +0100] "GET /pages/backgrounds/010.jpg HTTP/1.1" 404 297
::1 - - [08/Feb/2022:12:11:38 +0100] "GET /pages/login.php HTTP/1.1" 200 2908
::1 - - [08/Feb/2022:12:11:38 +0100] "GET /css/main.css HTTP/1.1" 304 -
::1 - - [08/Feb/2022:12:11:38 +0100] "GET /js/background.js HTTP/1.1" 304 -
::1 - - [08/Feb/2022:12:11:38 +0100] "GET /pages/backgrounds/009.jpg HTTP/1.1" 404 297
::1 - - [08/Feb/2022:12:11:38 +0100] "GET /pages/login.php HTTP/1.1" 200 2908
::1 - - [08/Feb/2022:12:11:38 +0100] "GET /pages/backgrounds/012.jpg HTTP/1.1" 404 297
::1 - - [08/Feb/2022:12:11:38 +0100] "GET /pages/login.php HTTP/1.1" 200 2908
::1 - - [08/Feb/2022:12:11:38 +0100] "GET /pages/backgrounds/015.jpg HTTP/1.1" 404 297
::1 - - [08/Feb/2022:12:11:39 +0100] "GET /pages/login.php HTTP/1.1" 200 2908
::1 - - [08/Feb/2022:12:11:39 +0100] "GET /pages/backgrounds/013.jpg HTTP/1.1" 404 297
::1 - - [08/Feb/2022:12:11:39 +0100] "GET /pages/login.php HTTP/1.1" 200 2908
::1 - - [08/Feb/2022:12:11:39 +0100] "GET /pages/backgrounds/012.jpg HTTP/1.1" 404 297
::1 - - [08/Feb/2022:12:11:52 +0100] "GET /pages/login.php HTTP/1.1" 200 2908
::1 - - [08/Feb/2022:12:11:52 +0100] "GET /pages/backgrounds/004.jpg HTTP/1.1" 404 297
::1 - - [08/Feb/2022:12:13:05 +0100] "GET /pages/login.php HTTP/1.1" 200 2924
::1 - - [08/Feb/2022:12:13:05 +0100] "GET /pages/backgrounds/015.jpg HTTP/1.1" 404 297
::1 - - [08/Feb/2022:12:13:06 +0100] "GET /pages/login.php HTTP/1.1" 200 2924
::1 - - [08/Feb/2022:12:13:06 +0100] "GET /pages/backgrounds/014.jpg HTTP/1.1" 404 297
::1 - - [08/Feb/2022:12:13:08 +0100] "GET /?lang=hu HTTP/1.1" 200 2812
::1 - - [08/Feb/2022:12:13:08 +0100] "GET /backgrounds/012.jpg HTTP/1.1" 200 767600
::1 - - [08/Feb/2022:12:13:10 +0100] "GET /?lang=en HTTP/1.1" 200 2773
::1 - - [08/Feb/2022:12:13:10 +0100] "GET /backgrounds/007.jpg HTTP/1.1" 304 -
::1 - - [08/Feb/2022:12:13:11 +0100] "GET /?lang=hu HTTP/1.1" 200 2812
::1 - - [08/Feb/2022:12:13:11 +0100] "GET /backgrounds/011.jpg HTTP/1.1" 200 2555750
::1 - - [08/Feb/2022:12:13:15 +0100] "GET /pages/login.php HTTP/1.1" 200 2924
::1 - - [08/Feb/2022:12:13:15 +0100] "GET /pages/backgrounds/010.jpg HTTP/1.1" 404 297
::1 - - [08/Feb/2022:12:13:22 +0100] "GET /pages/login.php HTTP/1.1" 200 2924
::1 - - [08/Feb/2022:12:13:22 +0100] "GET /css/main.css HTTP/1.1" 304 -
::1 - - [08/Feb/2022:12:13:22 +0100] "GET /js/background.js HTTP/1.1" 304 -
::1 - - [08/Feb/2022:12:13:22 +0100] "GET /pages/backgrounds/002.jpg HTTP/1.1" 404 297
::1 - - [08/Feb/2022:12:13:47 +0100] "GET /pages/login.php HTTP/1.1" 200 2924
::1 - - [08/Feb/2022:12:13:47 +0100] "GET /pages/backgrounds/001.jpg HTTP/1.1" 404 297
::1 - - [08/Feb/2022:12:15:01 +0100] "GET /pages/login.php HTTP/1.1" 200 2924
::1 - - [08/Feb/2022:12:15:01 +0100] "GET /pages/backgrounds/008.jpg HTTP/1.1" 404 297
::1 - - [08/Feb/2022:12:25:15 +0100] "GET /pages/login.php HTTP/1.1" 200 2924
::1 - - [08/Feb/2022:12:25:15 +0100] "GET /css/main.css HTTP/1.1" 304 -
::1 - - [08/Feb/2022:12:25:15 +0100] "GET /js/background.js HTTP/1.1" 304 -
::1 - - [08/Feb/2022:12:25:15 +0100] "GET /pages/backgrounds/012.jpg HTTP/1.1" 404 297
::1 - - [08/Feb/2022:12:25:15 +0100] "GET /pages/login.php HTTP/1.1" 200 2924
::1 - - [08/Feb/2022:12:25:15 +0100] "GET /pages/backgrounds/004.jpg HTTP/1.1" 404 297
::1 - - [08/Feb/2022:12:25:16 +0100] "GET /pages/login.php HTTP/1.1" 200 2924
::1 - - [08/Feb/2022:12:25:16 +0100] "GET /pages/backgrounds/005.jpg HTTP/1.1" 404 297
::1 - - [08/Feb/2022:12:27:17 +0100] "GET /pages/login.php HTTP/1.1" 200 2924
::1 - - [08/Feb/2022:12:27:17 +0100] "GET /pages/backgrounds/002.jpg HTTP/1.1" 404 297
::1 - - [08/Feb/2022:12:27:17 +0100] "GET /pages/login.php HTTP/1.1" 200 2924
::1 - - [08/Feb/2022:12:27:17 +0100] "GET /pages/backgrounds/010.jpg HTTP/1.1" 404 297
::1 - - [08/Feb/2022:12:27:17 +0100] "GET /pages/login.php HTTP/1.1" 200 2924
::1 - - [08/Feb/2022:12:27:17 +0100] "GET /pages/backgrounds/008.jpg HTTP/1.1" 404 297
::1 - - [08/Feb/2022:12:27:17 +0100] "GET /pages/login.php HTTP/1.1" 200 2924
::1 - - [08/Feb/2022:12:27:17 +0100] "GET /pages/backgrounds/012.jpg HTTP/1.1" 404 297
::1 - - [08/Feb/2022:12:27:18 +0100] "GET /pages/login.php HTTP/1.1" 200 2924
::1 - - [08/Feb/2022:12:27:18 +0100] "GET /pages/backgrounds/010.jpg HTTP/1.1" 404 297
::1 - - [08/Feb/2022:12:27:18 +0100] "GET /pages/login.php HTTP/1.1" 200 2924
::1 - - [08/Feb/2022:12:27:18 +0100] "GET /pages/backgrounds/005.jpg HTTP/1.1" 404 297
::1 - - [08/Feb/2022:12:27:18 +0100] "GET /pages/login.php HTTP/1.1" 200 2924
::1 - - [08/Feb/2022:12:27:18 +0100] "GET /pages/backgrounds/002.jpg HTTP/1.1" 404 297
::1 - - [08/Feb/2022:12:27:22 +0100] "GET / HTTP/1.1" 200 2812
::1 - - [08/Feb/2022:12:27:22 +0100] "GET /backgrounds/012.jpg HTTP/1.1" 304 -
::1 - - [08/Feb/2022:12:27:24 +0100] "GET / HTTP/1.1" 200 2812
::1 - - [08/Feb/2022:12:27:24 +0100] "GET /backgrounds/007.jpg HTTP/1.1" 304 -
::1 - - [08/Feb/2022:12:27:25 +0100] "GET / HTTP/1.1" 200 2812
::1 - - [08/Feb/2022:12:27:25 +0100] "GET /backgrounds/015.jpg HTTP/1.1" 304 -
::1 - - [08/Feb/2022:12:27:25 +0100] "GET / HTTP/1.1" 200 2812
::1 - - [08/Feb/2022:12:27:25 +0100] "GET /backgrounds/010.jpg HTTP/1.1" 304 -
::1 - - [08/Feb/2022:12:27:25 +0100] "GET / HTTP/1.1" 200 2812
::1 - - [08/Feb/2022:12:27:25 +0100] "GET /backgrounds/005.jpg HTTP/1.1" 304 -
::1 - - [08/Feb/2022:12:27:35 +0100] "GET / HTTP/1.1" 200 2812
::1 - - [08/Feb/2022:12:27:35 +0100] "GET /backgrounds/011.jpg HTTP/1.1" 304 -
::1 - - [08/Feb/2022:12:27:39 +0100] "GET / HTTP/1.1" 200 4004
::1 - - [08/Feb/2022:12:27:40 +0100] "GET / HTTP/1.1" 200 4004
::1 - - [08/Feb/2022:12:27:40 +0100] "GET / HTTP/1.1" 200 4004
::1 - - [08/Feb/2022:12:27:40 +0100] "GET /backgrounds/006.jpg HTTP/1.1" 304 -
::1 - - [08/Feb/2022:12:27:40 +0100] "GET / HTTP/1.1" 200 4004
::1 - - [08/Feb/2022:12:27:40 +0100] "GET /backgrounds/009.jpg HTTP/1.1" 304 -
::1 - - [08/Feb/2022:12:27:40 +0100] "GET / HTTP/1.1" 200 4004
::1 - - [08/Feb/2022:12:27:40 +0100] "GET /backgrounds/013.jpg HTTP/1.1" 304 -
::1 - - [08/Feb/2022:12:27:40 +0100] "GET / HTTP/1.1" 200 4004
::1 - - [08/Feb/2022:12:27:40 +0100] "GET /backgrounds/003.jpg HTTP/1.1" 304 -
::1 - - [08/Feb/2022:12:27:41 +0100] "GET / HTTP/1.1" 200 4004
::1 - - [08/Feb/2022:12:27:41 +0100] "GET /backgrounds/014.jpg HTTP/1.1" 304 -
::1 - - [08/Feb/2022:12:28:20 +0100] "GET / HTTP/1.1" 200 4028
::1 - - [08/Feb/2022:12:28:20 +0100] "GET /css/main.css HTTP/1.1" 304 -
::1 - - [08/Feb/2022:12:28:20 +0100] "GET /js/background.js HTTP/1.1" 304 -
::1 - - [08/Feb/2022:12:28:35 +0100] "GET / HTTP/1.1" 200 4028
::1 - - [08/Feb/2022:12:28:35 +0100] "GET / HTTP/1.1" 200 4028
::1 - - [08/Feb/2022:12:28:36 +0100] "GET / HTTP/1.1" 200 4028
::1 - - [08/Feb/2022:12:28:36 +0100] "GET / HTTP/1.1" 200 4028
::1 - - [08/Feb/2022:12:28:36 +0100] "GET / HTTP/1.1" 200 4028
::1 - - [08/Feb/2022:12:28:36 +0100] "GET / HTTP/1.1" 200 4028
::1 - - [08/Feb/2022:12:28:36 +0100] "GET / HTTP/1.1" 200 4028
::1 - - [08/Feb/2022:12:28:37 +0100] "GET / HTTP/1.1" 200 4028
::1 - - [08/Feb/2022:12:28:37 +0100] "GET / HTTP/1.1" 200 4028
::1 - - [08/Feb/2022:12:28:37 +0100] "GET /backgrounds/002.jpg HTTP/1.1" 304 -
::1 - - [08/Feb/2022:12:28:38 +0100] "GET / HTTP/1.1" 200 4028
::1 - - [08/Feb/2022:12:28:38 +0100] "GET / HTTP/1.1" 200 4028
::1 - - [08/Feb/2022:12:28:38 +0100] "GET / HTTP/1.1" 200 4028
::1 - - [08/Feb/2022:12:28:58 +0100] "GET / HTTP/1.1" 200 4428
::1 - - [08/Feb/2022:12:28:58 +0100] "GET / HTTP/1.1" 200 4428
::1 - - [08/Feb/2022:12:28:58 +0100] "GET / HTTP/1.1" 200 4428
::1 - - [08/Feb/2022:12:28:59 +0100] "GET / HTTP/1.1" 200 4428
::1 - - [08/Feb/2022:12:28:59 +0100] "GET / HTTP/1.1" 200 4428
::1 - - [08/Feb/2022:12:28:59 +0100] "GET / HTTP/1.1" 200 4428
::1 - - [08/Feb/2022:12:28:59 +0100] "GET / HTTP/1.1" 200 4428
::1 - - [08/Feb/2022:12:29:00 +0100] "GET / HTTP/1.1" 200 4428
::1 - - [08/Feb/2022:12:29:00 +0100] "GET / HTTP/1.1" 200 4428
::1 - - [08/Feb/2022:12:29:01 +0100] "GET / HTTP/1.1" 200 4428
::1 - - [08/Feb/2022:12:29:01 +0100] "GET /backgrounds/001.jpg HTTP/1.1" 304 -
::1 - - [08/Feb/2022:12:29:07 +0100] "GET / HTTP/1.1" 200 2812
::1 - - [08/Feb/2022:12:29:11 +0100] "GET /pages/login.php HTTP/1.1" 200 2924
::1 - - [08/Feb/2022:12:29:11 +0100] "GET /pages/backgrounds/005.jpg HTTP/1.1" 404 297
::1 - - [08/Feb/2022:12:29:12 +0100] "GET /pages/login.php HTTP/1.1" 200 2924
::1 - - [08/Feb/2022:12:29:12 +0100] "GET /pages/backgrounds/002.jpg HTTP/1.1" 404 297
::1 - - [08/Feb/2022:12:29:28 +0100] "GET /pages/login.php HTTP/1.1" 200 232
::1 - - [08/Feb/2022:12:29:32 +0100] "GET /pages/login.php HTTP/1.1" 200 232
::1 - - [08/Feb/2022:12:30:16 +0100] "GET /pages/login.php HTTP/1.1" 200 2924
::1 - - [08/Feb/2022:12:30:17 +0100] "GET /pages/backgrounds/014.jpg HTTP/1.1" 404 297
::1 - - [08/Feb/2022:12:30:17 +0100] "GET /pages/login.php HTTP/1.1" 200 2924
::1 - - [08/Feb/2022:12:30:17 +0100] "GET /pages/backgrounds/003.jpg HTTP/1.1" 404 297
::1 - - [08/Feb/2022:12:30:17 +0100] "GET /pages/login.php HTTP/1.1" 200 2924
::1 - - [08/Feb/2022:12:30:17 +0100] "GET /pages/backgrounds/008.jpg HTTP/1.1" 404 297
::1 - - [08/Feb/2022:12:30:17 +0100] "GET /pages/login.php HTTP/1.1" 200 2924
::1 - - [08/Feb/2022:12:30:17 +0100] "GET /pages/backgrounds/007.jpg HTTP/1.1" 404 297
::1 - - [08/Feb/2022:12:30:18 +0100] "GET /pages/login.php HTTP/1.1" 200 2924
::1 - - [08/Feb/2022:12:30:18 +0100] "GET /pages/backgrounds/007.jpg HTTP/1.1" 404 297
::1 - - [08/Feb/2022:12:30:18 +0100] "GET /pages/login.php HTTP/1.1" 200 2924
::1 - - [08/Feb/2022:12:30:18 +0100] "GET /pages/backgrounds/004.jpg HTTP/1.1" 404 297
::1 - - [08/Feb/2022:12:30:18 +0100] "GET /pages/login.php HTTP/1.1" 200 2924
::1 - - [08/Feb/2022:12:30:18 +0100] "GET /pages/backgrounds/015.jpg HTTP/1.1" 404 297
::1 - - [08/Feb/2022:12:30:18 +0100] "GET /pages/login.php HTTP/1.1" 200 2924
::1 - - [08/Feb/2022:12:30:18 +0100] "GET /pages/backgrounds/001.jpg HTTP/1.1" 404 297
::1 - - [08/Feb/2022:12:30:19 +0100] "GET /pages/login.php HTTP/1.1" 200 2924
::1 - - [08/Feb/2022:12:30:19 +0100] "GET /pages/backgrounds/007.jpg HTTP/1.1" 404 297
::1 - - [08/Feb/2022:12:30:19 +0100] "GET /pages/login.php HTTP/1.1" 200 2924
::1 - - [08/Feb/2022:12:30:19 +0100] "GET /pages/backgrounds/015.jpg HTTP/1.1" 404 297
::1 - - [08/Feb/2022:12:32:23 +0100] "GET /pages/login.php HTTP/1.1" 200 2972
::1 - - [08/Feb/2022:12:32:23 +0100] "GET /js/background.js HTTP/1.1" 304 -
::1 - - [08/Feb/2022:12:32:23 +0100] "GET /css/main.css HTTP/1.1" 304 -
::1 - - [08/Feb/2022:12:32:23 +0100] "GET /pages/backgrounds/003.jpg HTTP/1.1" 404 297
::1 - - [08/Feb/2022:12:32:23 +0100] "GET /pages/login.php HTTP/1.1" 200 2972
::1 - - [08/Feb/2022:12:32:23 +0100] "GET /pages/backgrounds/006.jpg HTTP/1.1" 404 297
::1 - - [08/Feb/2022:12:32:23 +0100] "GET /pages/login.php HTTP/1.1" 200 2972
::1 - - [08/Feb/2022:12:32:23 +0100] "GET /pages/backgrounds/013.jpg HTTP/1.1" 404 297
::1 - - [08/Feb/2022:12:32:23 +0100] "GET /pages/login.php HTTP/1.1" 200 2972
::1 - - [08/Feb/2022:12:32:24 +0100] "GET /pages/backgrounds/015.jpg HTTP/1.1" 404 297
::1 - - [08/Feb/2022:12:32:24 +0100] "GET /pages/login.php HTTP/1.1" 200 2972
::1 - - [08/Feb/2022:12:32:24 +0100] "GET /pages/backgrounds/012.jpg HTTP/1.1" 404 297
::1 - - [08/Feb/2022:12:32:24 +0100] "GET /pages/login.php HTTP/1.1" 200 2972
::1 - - [08/Feb/2022:12:32:24 +0100] "GET /pages/backgrounds/008.jpg HTTP/1.1" 404 297
::1 - - [08/Feb/2022:12:32:29 +0100] "GET /pages/login.php HTTP/1.1" 200 2972
::1 - - [08/Feb/2022:12:32:29 +0100] "GET /pages/backgrounds/012.jpg HTTP/1.1" 404 297
::1 - - [08/Feb/2022:12:32:44 +0100] "GET /pages/login.php HTTP/1.1" 200 2924
::1 - - [08/Feb/2022:12:32:44 +0100] "GET /pages/backgrounds/003.jpg HTTP/1.1" 404 297
::1 - - [08/Feb/2022:12:32:44 +0100] "GET /pages/login.php HTTP/1.1" 200 2924
::1 - - [08/Feb/2022:12:32:44 +0100] "GET /pages/backgrounds/005.jpg HTTP/1.1" 404 297
::1 - - [08/Feb/2022:12:32:44 +0100] "GET /pages/login.php HTTP/1.1" 200 2924
::1 - - [08/Feb/2022:12:32:44 +0100] "GET /pages/backgrounds/012.jpg HTTP/1.1" 404 297
::1 - - [08/Feb/2022:12:32:45 +0100] "GET /pages/login.php HTTP/1.1" 200 2924
::1 - - [08/Feb/2022:12:32:45 +0100] "GET /pages/backgrounds/013.jpg HTTP/1.1" 404 297
::1 - - [08/Feb/2022:12:32:50 +0100] "GET /pages/login.php HTTP/1.1" 200 2924
::1 - - [08/Feb/2022:12:32:50 +0100] "GET /pages/backgrounds/006.jpg HTTP/1.1" 404 297
::1 - - [08/Feb/2022:12:32:54 +0100] "GET / HTTP/1.1" 200 2812
::1 - - [08/Feb/2022:12:32:54 +0100] "GET /backgrounds/004.jpg HTTP/1.1" 304 -
::1 - - [08/Feb/2022:12:32:55 +0100] "GET / HTTP/1.1" 200 2812
::1 - - [08/Feb/2022:12:32:55 +0100] "GET /backgrounds/007.jpg HTTP/1.1" 304 -
::1 - - [08/Feb/2022:12:32:56 +0100] "GET / HTTP/1.1" 200 2812
::1 - - [08/Feb/2022:12:32:56 +0100] "GET /backgrounds/005.jpg HTTP/1.1" 304 -
::1 - - [08/Feb/2022:12:32:56 +0100] "GET / HTTP/1.1" 200 2812
::1 - - [08/Feb/2022:12:32:56 +0100] "GET /backgrounds/014.jpg HTTP/1.1" 304 -
::1 - - [08/Feb/2022:12:32:56 +0100] "GET / HTTP/1.1" 200 2812
::1 - - [08/Feb/2022:12:32:56 +0100] "GET / HTTP/1.1" 200 2812
::1 - - [08/Feb/2022:12:32:56 +0100] "GET /backgrounds/010.jpg HTTP/1.1" 304 -
::1 - - [08/Feb/2022:12:32:57 +0100] "GET /?lang=en HTTP/1.1" 200 2773
::1 - - [08/Feb/2022:12:32:57 +0100] "GET /backgrounds/013.jpg HTTP/1.1" 304 -
::1 - - [08/Feb/2022:12:32:59 +0100] "GET /?lang=hu HTTP/1.1" 200 2812
::1 - - [08/Feb/2022:12:33:00 +0100] "GET /pages/login.php HTTP/1.1" 200 2924
::1 - - [08/Feb/2022:12:33:00 +0100] "GET /pages/backgrounds/012.jpg HTTP/1.1" 404 297
::1 - - [08/Feb/2022:12:33:29 +0100] "GET /pages/login.php HTTP/1.1" 200 2915
::1 - - [08/Feb/2022:12:33:29 +0100] "GET /pages/backgrounds/011.jpg HTTP/1.1" 404 297
::1 - - [08/Feb/2022:12:33:30 +0100] "GET /pages/login.php HTTP/1.1" 200 2915
::1 - - [08/Feb/2022:12:33:30 +0100] "GET /pages/backgrounds/012.jpg HTTP/1.1" 404 297
::1 - - [08/Feb/2022:12:33:50 +0100] "GET /pages/login.php HTTP/1.1" 200 2382
::1 - - [08/Feb/2022:12:33:50 +0100] "GET /pages/backgrounds/011.jpg HTTP/1.1" 404 297
::1 - - [08/Feb/2022:12:33:51 +0100] "GET /pages/login.php HTTP/1.1" 200 2382
::1 - - [08/Feb/2022:12:33:51 +0100] "GET /pages/backgrounds/002.jpg HTTP/1.1" 404 297
::1 - - [08/Feb/2022:12:33:54 +0100] "GET / HTTP/1.1" 200 2812
::1 - - [08/Feb/2022:12:33:55 +0100] "GET / HTTP/1.1" 200 2812
::1 - - [08/Feb/2022:12:33:55 +0100] "GET / HTTP/1.1" 200 2812
::1 - - [08/Feb/2022:12:33:55 +0100] "GET /backgrounds/001.jpg HTTP/1.1" 304 -
::1 - - [08/Feb/2022:12:33:56 +0100] "GET / HTTP/1.1" 200 2812
::1 - - [08/Feb/2022:12:33:56 +0100] "GET / HTTP/1.1" 200 2812
::1 - - [08/Feb/2022:12:33:56 +0100] "GET /pages/login.php HTTP/1.1" 200 2382
::1 - - [08/Feb/2022:12:33:56 +0100] "GET /pages/backgrounds/013.jpg HTTP/1.1" 404 297
::1 - - [08/Feb/2022:12:34:07 +0100] "GET /pages/login.php HTTP/1.1" 200 2238
::1 - - [08/Feb/2022:12:34:07 +0100] "GET /pages/backgrounds/013.jpg HTTP/1.1" 404 297
::1 - - [08/Feb/2022:12:34:09 +0100] "GET /pages/login.php?lang=en HTTP/1.1" 200 2241
::1 - - [08/Feb/2022:12:34:09 +0100] "GET /pages/backgrounds/006.jpg HTTP/1.1" 404 297
::1 - - [08/Feb/2022:12:34:12 +0100] "GET / HTTP/1.1" 200 2812
::1 - - [08/Feb/2022:12:34:13 +0100] "GET / HTTP/1.1" 200 2812
::1 - - [08/Feb/2022:12:34:13 +0100] "GET / HTTP/1.1" 200 2812
::1 - - [08/Feb/2022:12:34:13 +0100] "GET / HTTP/1.1" 200 2812
::1 - - [08/Feb/2022:12:34:13 +0100] "GET / HTTP/1.1" 200 2812
::1 - - [08/Feb/2022:12:34:13 +0100] "GET /backgrounds/003.jpg HTTP/1.1" 304 -
::1 - - [08/Feb/2022:12:34:14 +0100] "GET / HTTP/1.1" 200 2812
::1 - - [08/Feb/2022:12:34:14 +0100] "GET / HTTP/1.1" 200 2812
::1 - - [08/Feb/2022:12:34:14 +0100] "GET /backgrounds/011.jpg HTTP/1.1" 304 -
::1 - - [08/Feb/2022:12:34:14 +0100] "GET / HTTP/1.1" 200 2812
::1 - - [08/Feb/2022:12:34:14 +0100] "GET /backgrounds/015.jpg HTTP/1.1" 304 -
::1 - - [08/Feb/2022:12:34:15 +0100] "GET /pages/login.php HTTP/1.1" 200 2241
::1 - - [08/Feb/2022:12:34:16 +0100] "GET /pages/backgrounds/012.jpg HTTP/1.1" 404 297
::1 - - [08/Feb/2022:12:34:16 +0100] "GET /pages/login.php HTTP/1.1" 200 2241
::1 - - [08/Feb/2022:12:34:16 +0100] "GET /pages/backgrounds/009.jpg HTTP/1.1" 404 297
::1 - - [08/Feb/2022:12:34:19 +0100] "GET /pages/login.php?lang=hu HTTP/1.1" 200 2238
::1 - - [08/Feb/2022:12:34:19 +0100] "GET /pages/backgrounds/007.jpg HTTP/1.1" 404 297
::1 - - [08/Feb/2022:12:34:20 +0100] "GET /pages/login.php?lang=hu HTTP/1.1" 200 2238
::1 - - [08/Feb/2022:12:34:20 +0100] "GET /pages/backgrounds/005.jpg HTTP/1.1" 404 297
::1 - - [08/Feb/2022:12:34:36 +0100] "GET /pages/login.php?lang=hu HTTP/1.1" 200 2238
::1 - - [08/Feb/2022:12:34:36 +0100] "GET /pages/backgrounds/004.jpg HTTP/1.1" 404 297
::1 - - [08/Feb/2022:12:34:57 +0100] "GET /pages/login.php?lang=hu HTTP/1.1" 200 2238
::1 - - [08/Feb/2022:12:34:57 +0100] "GET /pages/backgrounds/008.jpg HTTP/1.1" 404 297
::1 - - [08/Feb/2022:12:34:57 +0100] "GET /pages/login.php?lang=hu HTTP/1.1" 200 2238
::1 - - [08/Feb/2022:12:34:57 +0100] "GET /pages/backgrounds/008.jpg HTTP/1.1" 404 297
::1 - - [08/Feb/2022:12:34:57 +0100] "GET /pages/login.php?lang=hu HTTP/1.1" 200 2238
::1 - - [08/Feb/2022:12:34:57 +0100] "GET /pages/backgrounds/013.jpg HTTP/1.1" 404 297
::1 - - [08/Feb/2022:12:34:58 +0100] "GET /pages/login.php?lang=hu HTTP/1.1" 200 2238
::1 - - [08/Feb/2022:12:34:58 +0100] "GET /pages/backgrounds/007.jpg HTTP/1.1" 404 297
::1 - - [08/Feb/2022:12:34:58 +0100] "GET /pages/login.php?lang=hu HTTP/1.1" 200 2238
::1 - - [08/Feb/2022:12:34:58 +0100] "GET /pages/backgrounds/014.jpg HTTP/1.1" 404 297
::1 - - [08/Feb/2022:12:38:07 +0100] "GET /pages/login.php?lang=hu HTTP/1.1" 200 3165
::1 - - [08/Feb/2022:12:38:07 +0100] "GET /css/main.css HTTP/1.1" 304 -
::1 - - [08/Feb/2022:12:38:07 +0100] "GET /js/background.js HTTP/1.1" 304 -
::1 - - [08/Feb/2022:12:38:07 +0100] "GET /pages/backgrounds/007.jpg HTTP/1.1" 404 297
::1 - - [08/Feb/2022:12:38:08 +0100] "GET /pages/login.php?lang=hu HTTP/1.1" 200 3165
::1 - - [08/Feb/2022:12:38:08 +0100] "GET /pages/backgrounds/011.jpg HTTP/1.1" 404 297
::1 - - [08/Feb/2022:12:38:20 +0100] "GET /pages/login.php?lang=hu HTTP/1.1" 200 3165
::1 - - [08/Feb/2022:12:38:20 +0100] "GET /pages/backgrounds/005.jpg HTTP/1.1" 404 297
::1 - - [08/Feb/2022:12:40:00 +0100] "GET /pages/login.php?lang=hu HTTP/1.1" 200 5095
::1 - - [08/Feb/2022:12:40:00 +0100] "GET /pages/backgrounds/014.jpg HTTP/1.1" 404 297
::1 - - [08/Feb/2022:12:40:38 +0100] "GET /pages/login.php?lang=hu HTTP/1.1" 200 3165
::1 - - [08/Feb/2022:12:40:38 +0100] "GET /pages/backgrounds/006.jpg HTTP/1.1" 404 297
::1 - - [08/Feb/2022:12:43:56 +0100] "GET /pages/login.php?lang=hu HTTP/1.1" 200 3165
::1 - - [08/Feb/2022:12:43:56 +0100] "GET /css/main.css HTTP/1.1" 304 -
::1 - - [08/Feb/2022:12:43:56 +0100] "GET /js/background.js HTTP/1.1" 304 -
::1 - - [08/Feb/2022:12:43:56 +0100] "GET /pages/backgrounds/011.jpg HTTP/1.1" 404 297
::1 - - [08/Feb/2022:12:44:07 +0100] "GET /pages/login.php?lang=hu HTTP/1.1" 200 4010
::1 - - [08/Feb/2022:12:44:07 +0100] "GET /pages/backgrounds/006.jpg HTTP/1.1" 404 297
::1 - - [08/Feb/2022:12:44:07 +0100] "GET /pages/login.php?lang=hu HTTP/1.1" 200 4010
::1 - - [08/Feb/2022:12:44:07 +0100] "GET /pages/backgrounds/011.jpg HTTP/1.1" 404 297
::1 - - [08/Feb/2022:12:44:07 +0100] "GET /pages/login.php?lang=hu HTTP/1.1" 200 4010
::1 - - [08/Feb/2022:12:44:07 +0100] "GET /pages/backgrounds/003.jpg HTTP/1.1" 404 297
::1 - - [08/Feb/2022:12:44:08 +0100] "GET /pages/login.php?lang=hu HTTP/1.1" 200 4010
::1 - - [08/Feb/2022:12:44:08 +0100] "GET /pages/backgrounds/004.jpg HTTP/1.1" 404 297
::1 - - [08/Feb/2022:12:44:26 +0100] "GET /pages/login.php?lang=hu HTTP/1.1" 200 4311
::1 - - [08/Feb/2022:12:44:26 +0100] "GET /pages/backgrounds/009.jpg HTTP/1.1" 404 297
::1 - - [08/Feb/2022:12:44:26 +0100] "GET /pages/login.php?lang=hu HTTP/1.1" 200 4311
::1 - - [08/Feb/2022:12:44:26 +0100] "GET /pages/backgrounds/006.jpg HTTP/1.1" 404 297
::1 - - [08/Feb/2022:12:44:26 +0100] "GET /pages/login.php?lang=hu HTTP/1.1" 200 4311
::1 - - [08/Feb/2022:12:44:26 +0100] "GET /pages/backgrounds/008.jpg HTTP/1.1" 404 297
::1 - - [08/Feb/2022:12:44:27 +0100] "GET /pages/login.php?lang=hu HTTP/1.1" 200 4311
::1 - - [08/Feb/2022:12:44:27 +0100] "GET /pages/backgrounds/001.jpg HTTP/1.1" 404 297
::1 - - [08/Feb/2022:12:44:27 +0100] "GET /pages/login.php?lang=hu HTTP/1.1" 200 4311
::1 - - [08/Feb/2022:12:44:27 +0100] "GET /pages/backgrounds/007.jpg HTTP/1.1" 404 297
::1 - - [08/Feb/2022:12:44:27 +0100] "GET /pages/login.php?lang=hu HTTP/1.1" 200 4311
::1 - - [08/Feb/2022:12:44:27 +0100] "GET /pages/backgrounds/014.jpg HTTP/1.1" 404 297
::1 - - [08/Feb/2022:12:44:27 +0100] "GET /pages/login.php?lang=hu HTTP/1.1" 200 4311
::1 - - [08/Feb/2022:12:44:27 +0100] "GET /pages/backgrounds/005.jpg HTTP/1.1" 404 297
::1 - - [08/Feb/2022:12:44:27 +0100] "GET /pages/login.php?lang=hu HTTP/1.1" 200 4311
::1 - - [08/Feb/2022:12:44:27 +0100] "GET /pages/backgrounds/008.jpg HTTP/1.1" 404 297
::1 - - [08/Feb/2022:12:44:27 +0100] "GET /pages/login.php?lang=hu HTTP/1.1" 200 4311
::1 - - [08/Feb/2022:12:44:27 +0100] "GET /pages/backgrounds/015.jpg HTTP/1.1" 404 297
::1 - - [08/Feb/2022:12:44:28 +0100] "GET /pages/login.php?lang=hu HTTP/1.1" 200 4311
::1 - - [08/Feb/2022:12:44:28 +0100] "GET /pages/backgrounds/003.jpg HTTP/1.1" 404 297
::1 - - [08/Feb/2022:12:44:40 +0100] "GET /pages/login.php?lang=hu HTTP/1.1" 200 4010
::1 - - [08/Feb/2022:12:44:40 +0100] "GET /pages/backgrounds/003.jpg HTTP/1.1" 404 297
::1 - - [08/Feb/2022:12:44:59 +0100] "GET /pages/login.php?lang=hu HTTP/1.1" 200 4010
::1 - - [08/Feb/2022:12:44:59 +0100] "GET /pages/backgrounds/002.jpg HTTP/1.1" 404 297
::1 - - [08/Feb/2022:12:45:00 +0100] "GET /pages/login.php?lang=hu HTTP/1.1" 200 4010
::1 - - [08/Feb/2022:12:45:00 +0100] "GET /pages/backgrounds/009.jpg HTTP/1.1" 404 297
::1 - - [08/Feb/2022:12:45:00 +0100] "GET /pages/login.php?lang=hu HTTP/1.1" 200 4010
::1 - - [08/Feb/2022:12:45:00 +0100] "GET /pages/backgrounds/010.jpg HTTP/1.1" 404 297
::1 - - [08/Feb/2022:12:45:00 +0100] "GET /pages/login.php?lang=hu HTTP/1.1" 200 4010
::1 - - [08/Feb/2022:12:45:00 +0100] "GET /pages/backgrounds/003.jpg HTTP/1.1" 404 297
::1 - - [08/Feb/2022:12:45:17 +0100] "GET /pages/login.php?lang=hu HTTP/1.1" 200 4010
::1 - - [08/Feb/2022:12:45:17 +0100] "GET /pages/backgrounds/012.jpg HTTP/1.1" 404 297
::1 - - [08/Feb/2022:12:45:39 +0100] "GET /pages/login.php?lang=hu HTTP/1.1" 200 4011
::1 - - [08/Feb/2022:12:45:39 +0100] "GET /css/login.css HTTP/1.1" 200 1036
::1 - - [08/Feb/2022:12:45:39 +0100] "GET /pages/backgrounds/007.jpg HTTP/1.1" 404 297
::1 - - [08/Feb/2022:12:46:02 +0100] "GET /pages/login.php?lang=hu HTTP/1.1" 200 3166
::1 - - [08/Feb/2022:12:46:02 +0100] "GET /css/login.css HTTP/1.1" 304 -
::1 - - [08/Feb/2022:12:46:02 +0100] "GET /pages/backgrounds/010.jpg HTTP/1.1" 404 297
::1 - - [08/Feb/2022:12:46:03 +0100] "GET /pages/login.php?lang=hu HTTP/1.1" 200 3166
::1 - - [08/Feb/2022:12:46:03 +0100] "GET /pages/backgrounds/008.jpg HTTP/1.1" 404 297
::1 - - [08/Feb/2022:12:46:27 +0100] "GET /pages/login.php?lang=hu HTTP/1.1" 200 3166
::1 - - [08/Feb/2022:12:46:27 +0100] "GET /css/login.css HTTP/1.1" 200 623
::1 - - [08/Feb/2022:12:46:27 +0100] "GET /pages/backgrounds/002.jpg HTTP/1.1" 404 297
::1 - - [08/Feb/2022:12:46:37 +0100] "GET /pages/login.php?lang=hu HTTP/1.1" 200 3166
::1 - - [08/Feb/2022:12:46:37 +0100] "GET /css/login.css HTTP/1.1" 200 635
::1 - - [08/Feb/2022:12:46:37 +0100] "GET /pages/backgrounds/002.jpg HTTP/1.1" 404 297
::1 - - [08/Feb/2022:12:46:58 +0100] "GET /pages/login.php?lang=hu HTTP/1.1" 200 3166
::1 - - [08/Feb/2022:12:46:58 +0100] "GET /css/login.css HTTP/1.1" 200 660
::1 - - [08/Feb/2022:12:46:58 +0100] "GET /pages/backgrounds/015.jpg HTTP/1.1" 404 297
::1 - - [08/Feb/2022:12:47:08 +0100] "GET /pages/login.php?lang=hu HTTP/1.1" 200 3166
::1 - - [08/Feb/2022:12:47:08 +0100] "GET /css/login.css HTTP/1.1" 200 -
::1 - - [08/Feb/2022:12:47:08 +0100] "GET /pages/backgrounds/014.jpg HTTP/1.1" 404 297
::1 - - [08/Feb/2022:12:47:17 +0100] "GET /pages/login.php?lang=hu HTTP/1.1" 200 2241
::1 - - [08/Feb/2022:12:47:17 +0100] "GET /css/login.css HTTP/1.1" 304 -
::1 - - [08/Feb/2022:12:47:17 +0100] "GET /pages/backgrounds/014.jpg HTTP/1.1" 404 297
::1 - - [08/Feb/2022:12:47:48 +0100] "GET /pages/login.php?lang=hu HTTP/1.1" 200 2237
::1 - - [08/Feb/2022:12:47:48 +0100] "GET /css/login.css HTTP/1.1" 200 346
::1 - - [08/Feb/2022:12:47:48 +0100] "GET /pages/backgrounds/003.jpg HTTP/1.1" 404 297
::1 - - [08/Feb/2022:12:47:51 +0100] "GET /pages/login.php?lang=hu HTTP/1.1" 200 2237
::1 - - [08/Feb/2022:12:47:51 +0100] "GET /css/login.css HTTP/1.1" 304 -
::1 - - [08/Feb/2022:12:47:51 +0100] "GET /pages/backgrounds/003.jpg HTTP/1.1" 404 297
::1 - - [08/Feb/2022:12:47:52 +0100] "GET /pages/login.php?lang=hu HTTP/1.1" 200 2237
::1 - - [08/Feb/2022:12:47:52 +0100] "GET /css/login.css HTTP/1.1" 304 -
::1 - - [08/Feb/2022:12:47:52 +0100] "GET /pages/backgrounds/007.jpg HTTP/1.1" 404 297
::1 - - [08/Feb/2022:12:48:04 +0100] "GET / HTTP/1.1" 200 2812
::1 - - [08/Feb/2022:12:48:04 +0100] "GET /backgrounds/012.jpg HTTP/1.1" 304 -
::1 - - [08/Feb/2022:12:48:05 +0100] "GET / HTTP/1.1" 200 2812
::1 - - [08/Feb/2022:12:48:05 +0100] "GET /backgrounds/006.jpg HTTP/1.1" 304 -
::1 - - [08/Feb/2022:12:48:05 +0100] "GET / HTTP/1.1" 200 2812
::1 - - [08/Feb/2022:12:48:05 +0100] "GET /backgrounds/001.jpg HTTP/1.1" 304 -
::1 - - [08/Feb/2022:12:48:05 +0100] "GET / HTTP/1.1" 200 2812
::1 - - [08/Feb/2022:12:48:05 +0100] "GET /backgrounds/009.jpg HTTP/1.1" 304 -
::1 - - [08/Feb/2022:12:48:05 +0100] "GET / HTTP/1.1" 200 2812
::1 - - [08/Feb/2022:12:48:05 +0100] "GET /backgrounds/004.jpg HTTP/1.1" 304 -
::1 - - [08/Feb/2022:12:48:06 +0100] "GET /pages/login.php HTTP/1.1" 200 2237
::1 - - [08/Feb/2022:12:48:06 +0100] "GET /css/login.css HTTP/1.1" 304 -
::1 - - [08/Feb/2022:12:48:06 +0100] "GET /pages/backgrounds/012.jpg HTTP/1.1" 404 297
::1 - - [08/Feb/2022:12:48:14 +0100] "GET /pages/login.php HTTP/1.1" 200 2237
::1 - - [08/Feb/2022:12:48:14 +0100] "GET /css/login.css HTTP/1.1" 304 -
::1 - - [08/Feb/2022:12:48:14 +0100] "GET /pages/backgrounds/007.jpg HTTP/1.1" 404 297
::1 - - [08/Feb/2022:12:48:15 +0100] "GET /pages/login.php HTTP/1.1" 200 2237
::1 - - [08/Feb/2022:12:48:15 +0100] "GET /pages/backgrounds/001.jpg HTTP/1.1" 404 297
::1 - - [08/Feb/2022:12:48:15 +0100] "GET /pages/login.php HTTP/1.1" 200 2237
::1 - - [08/Feb/2022:12:48:15 +0100] "GET /pages/backgrounds/009.jpg HTTP/1.1" 404 297
::1 - - [08/Feb/2022:12:48:15 +0100] "GET /pages/login.php HTTP/1.1" 200 2237
::1 - - [08/Feb/2022:12:48:15 +0100] "GET /pages/backgrounds/005.jpg HTTP/1.1" 404 297
::1 - - [08/Feb/2022:12:48:37 +0100] "GET /pages/login.php HTTP/1.1" 200 2237
::1 - - [08/Feb/2022:12:48:37 +0100] "GET /css/login.css HTTP/1.1" 304 -
::1 - - [08/Feb/2022:12:48:37 +0100] "GET /pages/backgrounds/011.jpg HTTP/1.1" 404 297
::1 - - [08/Feb/2022:12:48:40 +0100] "GET /pages/login.php?lang=hu HTTP/1.1" 200 2237
::1 - - [08/Feb/2022:12:48:40 +0100] "GET /pages/backgrounds/014.jpg HTTP/1.1" 404 297
::1 - - [08/Feb/2022:12:48:41 +0100] "GET /pages/login.php?lang=en HTTP/1.1" 200 2240
::1 - - [08/Feb/2022:12:48:41 +0100] "GET /pages/backgrounds/002.jpg HTTP/1.1" 404 297
::1 - - [08/Feb/2022:12:48:42 +0100] "GET /pages/login.php?lang=en HTTP/1.1" 200 2240
::1 - - [08/Feb/2022:12:48:42 +0100] "GET /css/login.css HTTP/1.1" 304 -
::1 - - [08/Feb/2022:12:48:42 +0100] "GET /pages/backgrounds/009.jpg HTTP/1.1" 404 297
::1 - - [08/Feb/2022:12:49:39 +0100] "GET /pages/login.php?lang=en HTTP/1.1" 200 2240
::1 - - [08/Feb/2022:12:49:39 +0100] "GET /css/login.css HTTP/1.1" 304 -
::1 - - [08/Feb/2022:12:49:39 +0100] "GET /js/background.js HTTP/1.1" 304 -
::1 - - [08/Feb/2022:12:49:39 +0100] "GET /pages/backgrounds/007.jpg HTTP/1.1" 404 297
::1 - - [08/Feb/2022:12:49:54 +0100] "GET /pages/login.php?lang=en HTTP/1.1" 200 3238
::1 - - [08/Feb/2022:12:49:54 +0100] "GET /css/login.css HTTP/1.1" 304 -
::1 - - [08/Feb/2022:12:49:55 +0100] "GET /pages/backgrounds/009.jpg HTTP/1.1" 404 297
::1 - - [08/Feb/2022:12:49:56 +0100] "GET /pages/login.php?lang=en HTTP/1.1" 200 3238
::1 - - [08/Feb/2022:12:49:56 +0100] "GET /pages/backgrounds/008.jpg HTTP/1.1" 404 297
::1 - - [08/Feb/2022:12:50:09 +0100] "GET /pages/login.php?lang=en HTTP/1.1" 200 3238
::1 - - [08/Feb/2022:12:50:09 +0100] "GET /css/login.css HTTP/1.1" 200 1387
::1 - - [08/Feb/2022:12:50:09 +0100] "GET /pages/backgrounds/001.jpg HTTP/1.1" 404 297
::1 - - [08/Feb/2022:12:50:14 +0100] "GET /pages/login.php? HTTP/1.1" 200 3238
::1 - - [08/Feb/2022:12:50:14 +0100] "GET /css/login.css HTTP/1.1" 304 -
::1 - - [08/Feb/2022:12:50:14 +0100] "GET /pages/backgrounds/013.jpg HTTP/1.1" 404 297
::1 - - [08/Feb/2022:12:50:17 +0100] "GET /pages/login.php? HTTP/1.1" 200 3238
::1 - - [08/Feb/2022:12:50:17 +0100] "GET /css/login.css HTTP/1.1" 304 -
::1 - - [08/Feb/2022:12:50:17 +0100] "GET /pages/backgrounds/013.jpg HTTP/1.1" 404 297
::1 - - [08/Feb/2022:12:50:22 +0100] "GET /pages/login.php? HTTP/1.1" 200 3238
::1 - - [08/Feb/2022:12:50:22 +0100] "GET /css/login.css HTTP/1.1" 304 -
::1 - - [08/Feb/2022:12:50:22 +0100] "GET /pages/backgrounds/005.jpg HTTP/1.1" 404 297
::1 - - [08/Feb/2022:12:50:40 +0100] "GET /pages/login.php? HTTP/1.1" 200 2240
::1 - - [08/Feb/2022:12:50:40 +0100] "GET /css/login.css HTTP/1.1" 200 348
::1 - - [08/Feb/2022:12:50:40 +0100] "GET /pages/backgrounds/013.jpg HTTP/1.1" 404 297
::1 - - [08/Feb/2022:12:50:40 +0100] "GET /pages/login.php? HTTP/1.1" 200 2240
::1 - - [08/Feb/2022:12:50:40 +0100] "GET /css/login.css HTTP/1.1" 304 -
::1 - - [08/Feb/2022:12:50:40 +0100] "GET /pages/backgrounds/006.jpg HTTP/1.1" 404 297
::1 - - [08/Feb/2022:12:52:53 +0100] "GET /pages/login.php? HTTP/1.1" 200 4409
::1 - - [08/Feb/2022:12:52:53 +0100] "GET /css/login.css HTTP/1.1" 304 -
::1 - - [08/Feb/2022:12:52:53 +0100] "GET /pages/backgrounds/004.jpg HTTP/1.1" 404 297
::1 - - [08/Feb/2022:12:52:54 +0100] "GET /pages/login.php? HTTP/1.1" 200 4409
::1 - - [08/Feb/2022:12:52:54 +0100] "GET /pages/backgrounds/010.jpg HTTP/1.1" 404 297
::1 - - [08/Feb/2022:12:54:37 +0100] "GET /pages/login.php? HTTP/1.1" 200 4409
::1 - - [08/Feb/2022:12:54:38 +0100] "GET /css/login.css HTTP/1.1" 200 2139
::1 - - [08/Feb/2022:12:54:38 +0100] "GET /img/log-img.png HTTP/1.1" 404 297
::1 - - [08/Feb/2022:12:54:38 +0100] "GET /pages/backgrounds/005.jpg HTTP/1.1" 404 297
::1 - - [08/Feb/2022:13:05:58 +0100] "GET /pages/login.php? HTTP/1.1" 200 4409
::1 - - [08/Feb/2022:13:05:58 +0100] "GET /css/login.css HTTP/1.1" 304 -
::1 - - [08/Feb/2022:13:05:58 +0100] "GET /js/background.js HTTP/1.1" 304 -
::1 - - [08/Feb/2022:13:05:58 +0100] "GET /img/log-img.png HTTP/1.1" 404 297
::1 - - [08/Feb/2022:13:05:58 +0100] "GET /pages/backgrounds/006.jpg HTTP/1.1" 404 297
::1 - - [08/Feb/2022:13:06:14 +0100] "GET /pages/login.php? HTTP/1.1" 200 2240
::1 - - [08/Feb/2022:13:06:14 +0100] "GET /pages/backgrounds/013.jpg HTTP/1.1" 404 297
::1 - - [08/Feb/2022:13:06:15 +0100] "GET /pages/login.php? HTTP/1.1" 200 2240
::1 - - [08/Feb/2022:13:06:15 +0100] "GET /pages/backgrounds/009.jpg HTTP/1.1" 404 297
::1 - - [08/Feb/2022:13:21:08 +0100] "GET /pages/login.php? HTTP/1.1" 200 3166
::1 - - [08/Feb/2022:13:21:08 +0100] "GET /css/login.css HTTP/1.1" 200 348
::1 - - [08/Feb/2022:13:21:08 +0100] "GET /js/background.js HTTP/1.1" 304 -
::1 - - [08/Feb/2022:13:21:08 +0100] "GET /pages/backgrounds/007.jpg HTTP/1.1" 404 297
::1 - - [08/Feb/2022:13:21:09 +0100] "GET /pages/login.php? HTTP/1.1" 200 3166
::1 - - [08/Feb/2022:13:21:10 +0100] "GET /pages/backgrounds/013.jpg HTTP/1.1" 404 297
::1 - - [08/Feb/2022:13:21:10 +0100] "GET /pages/login.php? HTTP/1.1" 200 3166
::1 - - [08/Feb/2022:13:21:10 +0100] "GET /pages/backgrounds/010.jpg HTTP/1.1" 404 297
::1 - - [08/Feb/2022:13:21:50 +0100] "GET /pages/login.php? HTTP/1.1" 200 3166
::1 - - [08/Feb/2022:13:21:50 +0100] "GET /pages/backgrounds/014.jpg HTTP/1.1" 404 297
::1 - - [08/Feb/2022:13:21:50 +0100] "GET /pages/login.php? HTTP/1.1" 200 3166
::1 - - [08/Feb/2022:13:21:50 +0100] "GET /pages/backgrounds/014.jpg HTTP/1.1" 404 297
::1 - - [08/Feb/2022:13:22:32 +0100] "GET /pages/login.php? HTTP/1.1" 200 3166
::1 - - [08/Feb/2022:13:22:32 +0100] "GET /pages/backgrounds/005.jpg HTTP/1.1" 404 297
::1 - - [08/Feb/2022:13:22:32 +0100] "GET /pages/login.php? HTTP/1.1" 200 3166
::1 - - [08/Feb/2022:13:22:32 +0100] "GET /pages/backgrounds/015.jpg HTTP/1.1" 404 297
::1 - - [08/Feb/2022:13:22:32 +0100] "GET /pages/login.php? HTTP/1.1" 200 3166
::1 - - [08/Feb/2022:13:22:32 +0100] "GET /pages/backgrounds/009.jpg HTTP/1.1" 404 297
::1 - - [08/Feb/2022:13:22:32 +0100] "GET /pages/login.php? HTTP/1.1" 200 3166
::1 - - [08/Feb/2022:13:22:33 +0100] "GET /pages/backgrounds/005.jpg HTTP/1.1" 404 297
::1 - - [08/Feb/2022:13:22:33 +0100] "GET /pages/login.php? HTTP/1.1" 200 3166
::1 - - [08/Feb/2022:13:22:33 +0100] "GET /pages/backgrounds/006.jpg HTTP/1.1" 404 297
::1 - - [08/Feb/2022:13:22:42 +0100] "GET /pages/login.php? HTTP/1.1" 200 3166
::1 - - [08/Feb/2022:13:22:42 +0100] "GET /css/login.css HTTP/1.1" 200 1359
::1 - - [08/Feb/2022:13:22:42 +0100] "GET /pages/backgrounds/004.jpg HTTP/1.1" 404 297
::1 - - [08/Feb/2022:13:22:43 +0100] "GET /pages/login.php? HTTP/1.1" 200 3166
::1 - - [08/Feb/2022:13:22:44 +0100] "GET /css/login.css HTTP/1.1" 304 -
::1 - - [08/Feb/2022:13:22:44 +0100] "GET /pages/backgrounds/003.jpg HTTP/1.1" 404 297
::1 - - [08/Feb/2022:13:22:44 +0100] "GET /pages/login.php? HTTP/1.1" 200 3166
::1 - - [08/Feb/2022:13:22:44 +0100] "GET /pages/backgrounds/014.jpg HTTP/1.1" 404 297
::1 - - [08/Feb/2022:13:22:45 +0100] "GET /pages/login.php? HTTP/1.1" 200 3166
::1 - - [08/Feb/2022:13:22:45 +0100] "GET /css/login.css HTTP/1.1" 304 -
::1 - - [08/Feb/2022:13:22:45 +0100] "GET /pages/backgrounds/013.jpg HTTP/1.1" 404 297
::1 - - [08/Feb/2022:13:22:45 +0100] "GET /pages/login.php? HTTP/1.1" 200 3166
::1 - - [08/Feb/2022:13:22:45 +0100] "GET /pages/backgrounds/008.jpg HTTP/1.1" 404 297
::1 - - [08/Feb/2022:13:23:23 +0100] "GET /pages/login.php? HTTP/1.1" 200 3166
::1 - - [08/Feb/2022:13:23:23 +0100] "GET /css/login.css HTTP/1.1" 200 1327
::1 - - [08/Feb/2022:13:23:23 +0100] "GET /pages/backgrounds/010.jpg HTTP/1.1" 404 297
::1 - - [08/Feb/2022:13:23:31 +0100] "GET /pages/login.php? HTTP/1.1" 200 3166
::1 - - [08/Feb/2022:13:23:31 +0100] "GET /css/login.css HTTP/1.1" 200 1166
::1 - - [08/Feb/2022:13:23:31 +0100] "GET /pages/backgrounds/011.jpg HTTP/1.1" 404 297
::1 - - [08/Feb/2022:13:23:32 +0100] "GET /pages/login.php? HTTP/1.1" 200 3166
::1 - - [08/Feb/2022:13:23:32 +0100] "GET /css/login.css HTTP/1.1" 304 -
::1 - - [08/Feb/2022:13:23:32 +0100] "GET /pages/backgrounds/008.jpg HTTP/1.1" 404 297
::1 - - [08/Feb/2022:13:23:39 +0100] "GET /pages/login.php? HTTP/1.1" 200 3166
::1 - - [08/Feb/2022:13:23:39 +0100] "GET /css/login.css HTTP/1.1" 200 1117
::1 - - [08/Feb/2022:13:23:39 +0100] "GET /pages/backgrounds/005.jpg HTTP/1.1" 404 297
::1 - - [08/Feb/2022:13:23:46 +0100] "GET /pages/login.php? HTTP/1.1" 200 3166
::1 - - [08/Feb/2022:13:23:46 +0100] "GET /css/login.css HTTP/1.1" 200 1113
::1 - - [08/Feb/2022:13:23:46 +0100] "GET /pages/backgrounds/003.jpg HTTP/1.1" 404 297
::1 - - [08/Feb/2022:13:40:01 +0100] "GET /pages/login.php? HTTP/1.1" 200 3166
::1 - - [08/Feb/2022:13:40:01 +0100] "GET /css/login.css HTTP/1.1" 304 -
::1 - - [08/Feb/2022:13:40:01 +0100] "GET /js/background.js HTTP/1.1" 304 -
::1 - - [08/Feb/2022:13:40:02 +0100] "GET /pages/backgrounds/003.jpg HTTP/1.1" 404 297
::1 - - [08/Feb/2022:13:42:49 +0100] "GET /pages/login.php? HTTP/1.1" 200 3184
::1 - - [08/Feb/2022:13:42:49 +0100] "GET /css/login.css HTTP/1.1" 304 -
::1 - - [08/Feb/2022:13:42:49 +0100] "GET /pages/backgrounds/012.jpg HTTP/1.1" 404 297
::1 - - [08/Feb/2022:13:51:46 +0100] "GET /pages/login.php? HTTP/1.1" 200 3184
::1 - - [08/Feb/2022:13:51:46 +0100] "GET /css/login.css HTTP/1.1" 304 -
::1 - - [08/Feb/2022:13:51:46 +0100] "GET /js/background.js HTTP/1.1" 304 -
::1 - - [08/Feb/2022:13:51:46 +0100] "GET /pages/backgrounds/008.jpg HTTP/1.1" 404 297
::1 - - [08/Feb/2022:13:52:26 +0100] "GET /pages/login.php? HTTP/1.1" 200 3126
::1 - - [08/Feb/2022:13:52:26 +0100] "GET /pages/backgrounds/003.jpg HTTP/1.1" 404 297
::1 - - [08/Feb/2022:13:52:43 +0100] "GET /pages/login.php? HTTP/1.1" 200 3123
::1 - - [08/Feb/2022:13:52:43 +0100] "GET /pages/backgrounds/008.jpg HTTP/1.1" 404 297
::1 - - [08/Feb/2022:13:53:42 +0100] "GET /pages/login.php? HTTP/1.1" 200 3123
::1 - - [08/Feb/2022:13:53:42 +0100] "GET /pages/backgrounds/002.jpg HTTP/1.1" 404 297
::1 - - [08/Feb/2022:13:54:27 +0100] "GET /pages/login.php? HTTP/1.1" 200 3123
::1 - - [08/Feb/2022:13:54:27 +0100] "GET /pages/backgrounds/013.jpg HTTP/1.1" 404 297
::1 - - [08/Feb/2022:13:55:29 +0100] "GET /pages/login.php? HTTP/1.1" 200 3239
::1 - - [08/Feb/2022:13:55:29 +0100] "GET /css/login.css HTTP/1.1" 304 -
::1 - - [08/Feb/2022:13:55:29 +0100] "GET /pages/backgrounds/005.jpg HTTP/1.1" 404 297
::1 - - [08/Feb/2022:13:55:31 +0100] "GET /pages/login.php? HTTP/1.1" 200 3239
::1 - - [08/Feb/2022:13:55:31 +0100] "GET /pages/backgrounds/006.jpg HTTP/1.1" 404 297
::1 - - [08/Feb/2022:14:02:41 +0100] "GET /pages/login.php? HTTP/1.1" 200 3237
::1 - - [08/Feb/2022:14:02:41 +0100] "GET /css/login.css HTTP/1.1" 304 -
::1 - - [08/Feb/2022:14:02:41 +0100] "GET /pages/backgrounds/010.jpg HTTP/1.1" 404 297
::1 - - [08/Feb/2022:14:02:44 +0100] "GET /pages/login.php?lang=hu HTTP/1.1" 200 3243
::1 - - [08/Feb/2022:14:02:44 +0100] "GET /pages/backgrounds/011.jpg HTTP/1.1" 404 297
::1 - - [08/Feb/2022:14:05:03 +0100] "GET /pages/login.php?lang=hu HTTP/1.1" 200 3243
::1 - - [08/Feb/2022:14:05:03 +0100] "GET /js/background.js HTTP/1.1" 304 -
::1 - - [08/Feb/2022:14:05:03 +0100] "GET /pages/backgrounds/009.jpg HTTP/1.1" 404 297
::1 - - [08/Feb/2022:14:05:05 +0100] "GET /pages/login.php?lang=en HTTP/1.1" 200 3237
::1 - - [08/Feb/2022:14:05:05 +0100] "GET /pages/backgrounds/002.jpg HTTP/1.1" 404 297
::1 - - [08/Feb/2022:14:05:06 +0100] "GET /pages/login.php?lang=hu HTTP/1.1" 200 3243
::1 - - [08/Feb/2022:14:05:06 +0100] "GET /pages/backgrounds/006.jpg HTTP/1.1" 404 297
::1 - - [08/Feb/2022:14:05:27 +0100] "GET /pages/login.php?lang=hu HTTP/1.1" 200 3243
::1 - - [08/Feb/2022:14:05:27 +0100] "GET /pages/backgrounds/013.jpg HTTP/1.1" 404 297
::1 - - [08/Feb/2022:14:05:30 +0100] "GET /pages/login.php?lang=en HTTP/1.1" 200 3236
::1 - - [08/Feb/2022:14:05:30 +0100] "GET /pages/backgrounds/010.jpg HTTP/1.1" 404 297
::1 - - [08/Feb/2022:14:05:32 +0100] "GET /pages/login.php?lang=hu HTTP/1.1" 200 3243
::1 - - [08/Feb/2022:14:05:32 +0100] "GET /pages/backgrounds/010.jpg HTTP/1.1" 404 297
::1 - - [08/Feb/2022:14:05:39 +0100] "GET /pages/login.php?lang=en HTTP/1.1" 200 3236
::1 - - [08/Feb/2022:14:05:39 +0100] "GET /pages/backgrounds/014.jpg HTTP/1.1" 404 297
::1 - - [08/Feb/2022:14:05:52 +0100] "GET /pages/login.php?lang=hu HTTP/1.1" 200 3243
::1 - - [08/Feb/2022:14:05:52 +0100] "GET /pages/backgrounds/004.jpg HTTP/1.1" 404 297
::1 - - [08/Feb/2022:14:07:12 +0100] "GET /pages/login.php?lang=hu HTTP/1.1" 200 3239
::1 - - [08/Feb/2022:14:07:12 +0100] "GET /css/login.css HTTP/1.1" 304 -
::1 - - [08/Feb/2022:14:07:12 +0100] "GET /pages/backgrounds/003.jpg HTTP/1.1" 404 297
::1 - - [08/Feb/2022:14:07:14 +0100] "GET /pages/login.php?lang=hu HTTP/1.1" 200 3239
::1 - - [08/Feb/2022:14:07:14 +0100] "GET /pages/backgrounds/005.jpg HTTP/1.1" 404 297
::1 - - [08/Feb/2022:14:07:16 +0100] "GET /pages/login.php?lang=en HTTP/1.1" 200 3236
::1 - - [08/Feb/2022:14:07:16 +0100] "GET /pages/backgrounds/012.jpg HTTP/1.1" 404 297
::1 - - [08/Feb/2022:14:07:17 +0100] "GET /pages/login.php?lang=hu HTTP/1.1" 200 3239
::1 - - [08/Feb/2022:14:07:17 +0100] "GET /pages/backgrounds/013.jpg HTTP/1.1" 404 297
::1 - - [08/Feb/2022:14:07:27 +0100] "GET /pages/login.php?lang=hu HTTP/1.1" 200 3239
::1 - - [08/Feb/2022:14:07:27 +0100] "GET /pages/backgrounds/012.jpg HTTP/1.1" 404 297
::1 - - [08/Feb/2022:14:07:28 +0100] "GET /pages/login.php?lang=hu HTTP/1.1" 200 3239
::1 - - [08/Feb/2022:14:07:28 +0100] "GET /pages/backgrounds/006.jpg HTTP/1.1" 404 297
::1 - - [08/Feb/2022:14:07:45 +0100] "GET /pages/login.php?lang=hu HTTP/1.1" 200 3235
::1 - - [08/Feb/2022:14:07:45 +0100] "GET /pages/backgrounds/009.jpg HTTP/1.1" 404 297
::1 - - [08/Feb/2022:14:07:55 +0100] "GET /pages/login.php?lang=en HTTP/1.1" 200 3236
::1 - - [08/Feb/2022:14:07:55 +0100] "GET /pages/backgrounds/007.jpg HTTP/1.1" 404 297
::1 - - [08/Feb/2022:14:28:50 +0100] "GET /pages/login.php?lang=en HTTP/1.1" 200 3249
::1 - - [08/Feb/2022:14:28:50 +0100] "GET /css/login.css HTTP/1.1" 200 1116
::1 - - [08/Feb/2022:14:28:50 +0100] "GET /js/background.js HTTP/1.1" 304 -
::1 - - [08/Feb/2022:14:28:50 +0100] "GET /pages/backgrounds/013.jpg HTTP/1.1" 404 297
::1 - - [08/Feb/2022:14:29:44 +0100] "GET /pages/login.php?lang=hu HTTP/1.1" 200 3252
::1 - - [08/Feb/2022:14:29:44 +0100] "GET /pages/backgrounds/009.jpg HTTP/1.1" 404 297
::1 - - [08/Feb/2022:14:29:52 +0100] "GET /pages/login.php?lang=en HTTP/1.1" 200 3249
::1 - - [08/Feb/2022:14:29:52 +0100] "GET /pages/backgrounds/003.jpg HTTP/1.1" 404 297
::1 - - [08/Feb/2022:14:29:54 +0100] "GET /pages/login.php?lang=hu HTTP/1.1" 200 3252
::1 - - [08/Feb/2022:14:29:54 +0100] "GET /pages/backgrounds/010.jpg HTTP/1.1" 404 297
::1 - - [01/Mar/2022:10:10:48 +0100] "GET / HTTP/1.1" 200 4446
::1 - - [01/Mar/2022:10:10:48 +0100] "GET /css/main.css HTTP/1.1" 200 346
::1 - - [01/Mar/2022:10:10:48 +0100] "GET /js/background.js HTTP/1.1" 200 612
::1 - - [01/Mar/2022:10:10:48 +0100] "GET /backgrounds/013.jpg HTTP/1.1" 200 1146859
::1 - - [01/Mar/2022:10:10:48 +0100] "GET /favicon.ico HTTP/1.1" 404 297
::1 - - [01/Mar/2022:10:10:50 +0100] "GET / HTTP/1.1" 200 4446
::1 - - [01/Mar/2022:10:10:50 +0100] "GET /backgrounds/015.jpg HTTP/1.1" 200 1386900
::1 - - [01/Mar/2022:10:11:42 +0100] "GET / HTTP/1.1" 200 4446
::1 - - [01/Mar/2022:10:11:42 +0100] "GET /css/main.css HTTP/1.1" 304 -
::1 - - [01/Mar/2022:10:11:42 +0100] "GET /js/background.js HTTP/1.1" 304 -
::1 - - [01/Mar/2022:10:11:42 +0100] "GET /backgrounds/015.jpg HTTP/1.1" 304 -
::1 - - [01/Mar/2022:10:11:45 +0100] "GET / HTTP/1.1" 200 4446
::1 - - [01/Mar/2022:10:11:46 +0100] "GET /backgrounds/012.jpg HTTP/1.1" 200 767600
::1 - - [01/Mar/2022:10:11:49 +0100] "GET / HTTP/1.1" 200 4446
::1 - - [01/Mar/2022:10:11:49 +0100] "GET /backgrounds/013.jpg HTTP/1.1" 304 -
::1 - - [01/Mar/2022:10:11:50 +0100] "GET / HTTP/1.1" 200 4446
::1 - - [01/Mar/2022:10:11:50 +0100] "GET / HTTP/1.1" 200 4446
::1 - - [01/Mar/2022:10:11:50 +0100] "GET /backgrounds/002.jpg HTTP/1.1" 200 1205195
::1 - - [01/Mar/2022:10:11:51 +0100] "GET / HTTP/1.1" 200 4446
::1 - - [01/Mar/2022:10:11:51 +0100] "GET /backgrounds/014.jpg HTTP/1.1" 200 1724634
::1 - - [01/Mar/2022:10:13:13 +0100] "GET / HTTP/1.1" 200 4444
::1 - - [01/Mar/2022:10:13:13 +0100] "GET /css/main.css HTTP/1.1" 304 -
::1 - - [01/Mar/2022:10:13:13 +0100] "GET /js/background.js HTTP/1.1" 304 -
::1 - - [01/Mar/2022:10:13:13 +0100] "GET /backgrounds/014.jpg HTTP/1.1" 304 -
::1 - - [01/Mar/2022:10:13:22 +0100] "GET / HTTP/1.1" 200 4446
::1 - - [01/Mar/2022:10:13:22 +0100] "GET /backgrounds/010.jpg HTTP/1.1" 200 125930
::1 - - [01/Mar/2022:10:13:25 +0100] "GET /pages/login.php HTTP/1.1" 200 5822
::1 - - [01/Mar/2022:10:13:25 +0100] "GET /css/login.css HTTP/1.1" 200 1116
::1 - - [01/Mar/2022:10:13:25 +0100] "GET /pages/backgrounds/014.jpg HTTP/1.1" 404 297
::1 - - [01/Mar/2022:10:14:44 +0100] "GET / HTTP/1.1" 200 4446
::1 - - [01/Mar/2022:10:14:44 +0100] "GET /css/main.css HTTP/1.1" 304 -
::1 - - [01/Mar/2022:10:14:44 +0100] "GET /js/background.js HTTP/1.1" 304 -
::1 - - [01/Mar/2022:10:14:44 +0100] "GET /backgrounds/010.jpg HTTP/1.1" 304 -
::1 - - [01/Mar/2022:10:15:05 +0100] "GET / HTTP/1.1" 200 4486
::1 - - [01/Mar/2022:10:15:05 +0100] "GET /backgrounds/001.jpg HTTP/1.1" 200 1510471
::1 - - [01/Mar/2022:10:15:21 +0100] "GET / HTTP/1.1" 200 4446
::1 - - [01/Mar/2022:10:15:21 +0100] "GET /css/main.css HTTP/1.1" 304 -
::1 - - [01/Mar/2022:10:15:21 +0100] "GET /js/background.js HTTP/1.1" 304 -
::1 - - [01/Mar/2022:10:15:21 +0100] "GET /backgrounds/006.jpg HTTP/1.1" 200 1473730
::1 - - [01/Mar/2022:10:16:10 +0100] "GET / HTTP/1.1" 200 2810
::1 - - [01/Mar/2022:10:16:10 +0100] "GET /css/main.css HTTP/1.1" 304 -
::1 - - [01/Mar/2022:10:16:10 +0100] "GET /js/background.js HTTP/1.1" 304 -
::1 - - [01/Mar/2022:10:16:10 +0100] "GET /backgrounds/003.jpg HTTP/1.1" 200 1438158
::1 - - [01/Mar/2022:10:16:12 +0100] "GET / HTTP/1.1" 200 2810
::1 - - [01/Mar/2022:10:16:12 +0100] "GET /backgrounds/007.jpg HTTP/1.1" 200 1546631
::1 - - [01/Mar/2022:10:16:13 +0100] "GET /pages/login.php HTTP/1.1" 200 5822
::1 - - [01/Mar/2022:10:16:13 +0100] "GET /css/login.css HTTP/1.1" 304 -
::1 - - [01/Mar/2022:10:16:13 +0100] "GET /pages/backgrounds/006.jpg HTTP/1.1" 404 297
::1 - - [01/Mar/2022:10:16:14 +0100] "GET /pages/login.php HTTP/1.1" 200 5822
::1 - - [01/Mar/2022:10:16:14 +0100] "GET /pages/backgrounds/006.jpg HTTP/1.1" 404 297
::1 - - [01/Mar/2022:10:16:30 +0100] "GET /pages/login.php HTTP/1.1" 200 3252
::1 - - [01/Mar/2022:10:16:31 +0100] "GET /pages/backgrounds/015.jpg HTTP/1.1" 404 297
::1 - - [01/Mar/2022:10:16:32 +0100] "GET /pages/login.php HTTP/1.1" 200 3252
::1 - - [01/Mar/2022:10:16:33 +0100] "GET /pages/backgrounds/011.jpg HTTP/1.1" 404 297
::1 - - [01/Mar/2022:10:17:44 +0100] "GET /pages/login.php HTTP/1.1" 200 3252
::1 - - [01/Mar/2022:10:17:44 +0100] "GET /css/login.css HTTP/1.1" 304 -
::1 - - [01/Mar/2022:10:17:44 +0100] "GET /js/background.js HTTP/1.1" 304 -
::1 - - [01/Mar/2022:10:17:44 +0100] "GET /pages/backgrounds/005.jpg HTTP/1.1" 404 297
::1 - - [01/Mar/2022:10:17:48 +0100] "GET / HTTP/1.1" 200 2810
::1 - - [01/Mar/2022:10:17:48 +0100] "GET /css/main.css HTTP/1.1" 304 -
::1 - - [01/Mar/2022:10:17:48 +0100] "GET /backgrounds/011.jpg HTTP/1.1" 200 2555750
::1 - - [01/Mar/2022:10:17:49 +0100] "GET /pages/backgrounds/002.jpg HTTP/1.1" 404 297
::1 - - [01/Mar/2022:10:18:42 +0100] "GET /pages/login.php HTTP/1.1" 200 3252
::1 - - [01/Mar/2022:10:18:42 +0100] "GET /css/login.css HTTP/1.1" 304 -
::1 - - [01/Mar/2022:10:18:42 +0100] "GET /js/background.js HTTP/1.1" 304 -
::1 - - [01/Mar/2022:10:18:42 +0100] "GET /pages/backgrounds/008.jpg HTTP/1.1" 404 297
::1 - - [01/Mar/2022:10:19:35 +0100] "GET /backgrounds/005.jpg HTTP/1.1" 200 858376
::1 - - [01/Mar/2022:10:19:37 +0100] "GET /backgrounds/005.jpg HTTP/1.1" 200 858376
::1 - - [01/Mar/2022:10:19:45 +0100] "GET / HTTP/1.1" 200 2810
::1 - - [01/Mar/2022:10:19:45 +0100] "GET /css/main.css HTTP/1.1" 304 -
::1 - - [01/Mar/2022:10:19:45 +0100] "GET /js/background.js HTTP/1.1" 304 -
::1 - - [01/Mar/2022:10:19:45 +0100] "GET /backgrounds/008.jpg HTTP/1.1" 200 1016167
::1 - - [01/Mar/2022:10:19:45 +0100] "GET /backgrounds/008.jpg HTTP/1.1" 200 1016167
::1 - - [01/Mar/2022:10:19:59 +0100] "GET /pages/login.php HTTP/1.1" 200 3252
::1 - - [01/Mar/2022:10:19:59 +0100] "GET /css/login.css HTTP/1.1" 304 -
::1 - - [01/Mar/2022:10:19:59 +0100] "GET /pages/backgrounds/001.jpg HTTP/1.1" 404 297
::1 - - [01/Mar/2022:10:20:30 +0100] "GET /pages/login.php HTTP/1.1" 200 3252
::1 - - [01/Mar/2022:10:20:30 +0100] "GET /pages/backgrounds/013.jpg HTTP/1.1" 404 297
::1 - - [01/Mar/2022:10:20:40 +0100] "GET / HTTP/1.1" 200 2810
::1 - - [01/Mar/2022:10:20:40 +0100] "GET /backgrounds/015.jpg HTTP/1.1" 304 -
::1 - - [01/Mar/2022:10:20:41 +0100] "GET /backgrounds/015.jpg HTTP/1.1" 200 1386900
::1 - - [01/Mar/2022:10:20:55 +0100] "GET /pages/login.php HTTP/1.1" 200 3252
::1 - - [01/Mar/2022:10:20:55 +0100] "GET /js/background.js HTTP/1.1" 200 627
::1 - - [01/Mar/2022:10:20:55 +0100] "GET /backgrounds/008.jpg HTTP/1.1" 304 -
::1 - - [01/Mar/2022:10:21:08 +0100] "GET /pages/login.php HTTP/1.1" 200 3252
::1 - - [01/Mar/2022:10:21:08 +0100] "GET /css/login.css HTTP/1.1" 304 -
::1 - - [01/Mar/2022:10:21:08 +0100] "GET /js/background.js HTTP/1.1" 304 -
::1 - - [01/Mar/2022:10:21:08 +0100] "GET /backgrounds/010.jpg HTTP/1.1" 304 -
::1 - - [01/Mar/2022:10:21:14 +0100] "GET /pages/login.php HTTP/1.1" 200 3252
::1 - - [01/Mar/2022:10:21:14 +0100] "GET /js/background.js HTTP/1.1" 304 -
::1 - - [01/Mar/2022:10:21:14 +0100] "GET /backgrounds/002.jpg HTTP/1.1" 304 -
::1 - - [01/Mar/2022:10:21:26 +0100] "GET /pages/login.php HTTP/1.1" 200 3252
::1 - - [01/Mar/2022:10:21:26 +0100] "GET /js/background.js HTTP/1.1" 304 -
::1 - - [01/Mar/2022:10:21:26 +0100] "GET /backgrounds/004.jpg HTTP/1.1" 200 1293520
::1 - - [01/Mar/2022:10:21:40 +0100] "GET /pages/login.php HTTP/1.1" 200 3252
::1 - - [01/Mar/2022:10:21:40 +0100] "GET /js/background.js HTTP/1.1" 304 -
::1 - - [01/Mar/2022:10:21:40 +0100] "GET /backgrounds/006.jpg HTTP/1.1" 304 -
::1 - - [01/Mar/2022:10:23:03 +0100] "GET /pages/login.php HTTP/1.1" 200 3252
::1 - - [01/Mar/2022:10:23:03 +0100] "GET /css/login.css HTTP/1.1" 304 -
::1 - - [01/Mar/2022:10:23:03 +0100] "GET /js/background.js HTTP/1.1" 304 -
::1 - - [01/Mar/2022:10:23:03 +0100] "GET /backgrounds/007.jpg HTTP/1.1" 304 -
::1 - - [01/Mar/2022:10:23:06 +0100] "GET / HTTP/1.1" 200 2772
::1 - - [01/Mar/2022:10:23:06 +0100] "GET /css/main.css HTTP/1.1" 304 -
::1 - - [01/Mar/2022:10:23:06 +0100] "GET /backgrounds/008.jpg HTTP/1.1" 304 -
::1 - - [01/Mar/2022:10:23:47 +0100] "GET / HTTP/1.1" 200 2822
::1 - - [01/Mar/2022:10:23:47 +0100] "GET /js/background.js HTTP/1.1" 304 -
::1 - - [01/Mar/2022:10:23:47 +0100] "GET /backgrounds/015.jpg HTTP/1.1" 304 -
::1 - - [01/Mar/2022:10:24:07 +0100] "GET / HTTP/1.1" 200 2784
::1 - - [01/Mar/2022:10:24:07 +0100] "GET /js/background.js HTTP/1.1" 304 -
::1 - - [01/Mar/2022:10:24:07 +0100] "GET /backgrounds/013.jpg HTTP/1.1" 304 -
::1 - - [01/Mar/2022:10:24:19 +0100] "GET / HTTP/1.1" 200 2794
::1 - - [01/Mar/2022:10:24:19 +0100] "GET /backgrounds/005.jpg HTTP/1.1" 304 -
::1 - - [01/Mar/2022:10:24:32 +0100] "GET / HTTP/1.1" 200 2776
::1 - - [01/Mar/2022:10:24:32 +0100] "GET /css/main.css HTTP/1.1" 304 -
::1 - - [01/Mar/2022:10:24:32 +0100] "GET /js/background.js HTTP/1.1" 304 -
::1 - - [01/Mar/2022:10:24:32 +0100] "GET /backgrounds/011.jpg HTTP/1.1" 304 -
::1 - - [01/Mar/2022:10:24:50 +0100] "GET / HTTP/1.1" 200 2761
::1 - - [01/Mar/2022:10:26:20 +0100] "GET / HTTP/1.1" 200 2714
::1 - - [01/Mar/2022:10:26:20 +0100] "GET /css/main.css HTTP/1.1" 304 -
::1 - - [01/Mar/2022:10:26:20 +0100] "GET /js/background.js HTTP/1.1" 304 -
::1 - - [01/Mar/2022:10:26:20 +0100] "GET /backgrounds/013.jpg HTTP/1.1" 304 -
::1 - - [01/Mar/2022:10:26:42 +0100] "GET / HTTP/1.1" 200 2740
::1 - - [01/Mar/2022:10:26:42 +0100] "GET /backgrounds/012.jpg HTTP/1.1" 304 -
::1 - - [01/Mar/2022:10:27:24 +0100] "GET / HTTP/1.1" 200 2740
::1 - - [01/Mar/2022:10:27:24 +0100] "GET /js/background.js HTTP/1.1" 304 -
::1 - - [01/Mar/2022:10:27:24 +0100] "GET /backgrounds/015.jpg HTTP/1.1" 304 -
::1 - - [01/Mar/2022:10:28:59 +0100] "GET / HTTP/1.1" 200 2740
::1 - - [01/Mar/2022:10:28:59 +0100] "GET /css/main.css HTTP/1.1" 304 -
::1 - - [01/Mar/2022:10:28:59 +0100] "GET /js/background.js HTTP/1.1" 304 -
::1 - - [01/Mar/2022:10:28:59 +0100] "GET /backgrounds/010.jpg HTTP/1.1" 304 -
::1 - - [01/Mar/2022:10:29:48 +0100] "GET / HTTP/1.1" 200 2722
::1 - - [01/Mar/2022:10:29:48 +0100] "GET /backgrounds/011.jpg HTTP/1.1" 304 -
::1 - - [01/Mar/2022:10:30:44 +0100] "GET / HTTP/1.1" 200 2761
::1 - - [01/Mar/2022:10:30:44 +0100] "GET /js/background.js HTTP/1.1" 304 -
::1 - - [01/Mar/2022:10:30:44 +0100] "GET /backgrounds/001.jpg HTTP/1.1" 304 -
::1 - - [01/Mar/2022:10:30:46 +0100] "GET / HTTP/1.1" 200 2761
::1 - - [01/Mar/2022:10:30:46 +0100] "GET /backgrounds/003.jpg HTTP/1.1" 304 -
::1 - - [01/Mar/2022:10:31:16 +0100] "GET / HTTP/1.1" 200 2780
::1 - - [01/Mar/2022:10:31:16 +0100] "GET /css/main.css HTTP/1.1" 304 -
::1 - - [01/Mar/2022:10:31:16 +0100] "GET /backgrounds/007.jpg HTTP/1.1" 304 -
::1 - - [01/Mar/2022:10:31:24 +0100] "GET / HTTP/1.1" 200 2750
::1 - - [01/Mar/2022:10:31:39 +0100] "GET / HTTP/1.1" 200 2744
::1 - - [01/Mar/2022:10:31:39 +0100] "GET /backgrounds/009.jpg HTTP/1.1" 200 1067089
::1 - - [01/Mar/2022:10:31:51 +0100] "GET / HTTP/1.1" 200 2766
::1 - - [01/Mar/2022:10:31:51 +0100] "GET /js/background.js HTTP/1.1" 304 -
::1 - - [01/Mar/2022:10:31:51 +0100] "GET /backgrounds/008.jpg HTTP/1.1" 304 -
::1 - - [01/Mar/2022:10:34:47 +0100] "GET / HTTP/1.1" 200 2832
::1 - - [01/Mar/2022:10:34:47 +0100] "GET /css/main.css HTTP/1.1" 304 -
::1 - - [01/Mar/2022:10:34:47 +0100] "GET /js/background.js HTTP/1.1" 304 -
::1 - - [01/Mar/2022:10:34:47 +0100] "GET /backgrounds/004.jpg HTTP/1.1" 304 -
::1 - - [01/Mar/2022:10:34:53 +0100] "GET / HTTP/1.1" 200 2832
::1 - - [01/Mar/2022:10:34:56 +0100] "GET / HTTP/1.1" 200 2832
::1 - - [01/Mar/2022:10:34:56 +0100] "GET /backgrounds/012.jpg HTTP/1.1" 304 -
::1 - - [01/Mar/2022:10:37:33 +0100] "GET / HTTP/1.1" 200 2832
::1 - - [01/Mar/2022:10:37:33 +0100] "GET /css/main.css HTTP/1.1" 304 -
::1 - - [01/Mar/2022:10:37:33 +0100] "GET /js/background.js HTTP/1.1" 304 -
::1 - - [01/Mar/2022:10:37:33 +0100] "GET /backgrounds/014.jpg HTTP/1.1" 304 -
::1 - - [01/Mar/2022:10:37:46 +0100] "GET / HTTP/1.1" 200 2808
::1 - - [01/Mar/2022:10:37:46 +0100] "GET /backgrounds/003.jpg HTTP/1.1" 304 -
::1 - - [01/Mar/2022:10:40:47 +0100] "GET / HTTP/1.1" 200 2848
::1 - - [01/Mar/2022:10:40:47 +0100] "GET /css/main.css HTTP/1.1" 304 -
::1 - - [01/Mar/2022:10:40:47 +0100] "GET /js/background.js HTTP/1.1" 304 -
::1 - - [01/Mar/2022:10:40:47 +0100] "GET /backgrounds/010.jpg HTTP/1.1" 304 -
::1 - - [01/Mar/2022:10:40:57 +0100] "GET /pages/login.php HTTP/1.1" 200 3252
::1 - - [01/Mar/2022:10:40:57 +0100] "GET /css/login.css HTTP/1.1" 304 -
::1 - - [01/Mar/2022:10:40:57 +0100] "GET /backgrounds/002.jpg HTTP/1.1" 304 -
::1 - - [01/Mar/2022:10:40:59 +0100] "GET /pages/register.php HTTP/1.1" 200 77
::1 - - [01/Mar/2022:10:41:53 +0100] "GET / HTTP/1.1" 200 2786
::1 - - [01/Mar/2022:10:41:53 +0100] "GET /backgrounds/005.jpg HTTP/1.1" 304 -
::1 - - [01/Mar/2022:10:42:02 +0100] "GET /pages/login.php HTTP/1.1" 200 3252
::1 - - [01/Mar/2022:10:42:04 +0100] "GET /pages/register.php HTTP/1.1" 200 77
::1 - - [01/Mar/2022:10:42:06 +0100] "GET /pages/login.php HTTP/1.1" 200 3252
::1 - - [01/Mar/2022:10:42:06 +0100] "GET /backgrounds/006.jpg HTTP/1.1" 304 -
::1 - - [01/Mar/2022:10:43:46 +0100] "GET /pages/login.php HTTP/1.1" 200 3252
::1 - - [01/Mar/2022:10:43:46 +0100] "GET /js/background.js HTTP/1.1" 304 -
::1 - - [01/Mar/2022:10:44:54 +0100] "GET /pages/forgotpassword.php HTTP/1.1" 200 -
::1 - - [01/Mar/2022:10:45:27 +0100] "GET /pages/forgotpassword.php HTTP/1.1" 200 3171
::1 - - [01/Mar/2022:10:45:27 +0100] "GET /css/login.css HTTP/1.1" 304 -
::1 - - [01/Mar/2022:10:45:27 +0100] "GET /backgrounds/012.jpg HTTP/1.1" 304 -
::1 - - [01/Mar/2022:10:45:46 +0100] "GET /pages/forgotpassword.php HTTP/1.1" 200 2996
::1 - - [01/Mar/2022:10:45:46 +0100] "GET /backgrounds/008.jpg HTTP/1.1" 304 -
::1 - - [01/Mar/2022:10:46:15 +0100] "GET /pages/forgotpassword.php HTTP/1.1" 200 3001
::1 - - [01/Mar/2022:10:46:15 +0100] "GET /js/background.js HTTP/1.1" 304 -
::1 - - [01/Mar/2022:10:46:15 +0100] "GET /backgrounds/001.jpg HTTP/1.1" 304 -
::1 - - [01/Mar/2022:10:46:30 +0100] "GET /pages/forgotpassword.php HTTP/1.1" 200 2815
::1 - - [01/Mar/2022:10:46:30 +0100] "GET /backgrounds/015.jpg HTTP/1.1" 304 -
::1 - - [01/Mar/2022:10:46:40 +0100] "GET /pages/forgotpassword.php HTTP/1.1" 200 2829
::1 - - [01/Mar/2022:10:46:40 +0100] "GET /backgrounds/005.jpg HTTP/1.1" 304 -
::1 - - [01/Mar/2022:11:21:22 +0100] "GET /pages/forgotpassword.php HTTP/1.1" 200 2840
::1 - - [01/Mar/2022:11:21:22 +0100] "GET /css/login.css HTTP/1.1" 304 -
::1 - - [01/Mar/2022:11:21:22 +0100] "GET /js/background.js HTTP/1.1" 304 -
::1 - - [01/Mar/2022:11:21:22 +0100] "GET /backgrounds/014.jpg HTTP/1.1" 304 -
::1 - - [01/Mar/2022:11:21:51 +0100] "GET /pages/forgotpassword.php HTTP/1.1" 200 2898
::1 - - [01/Mar/2022:11:21:51 +0100] "GET /backgrounds/005.jpg HTTP/1.1" 304 -
::1 - - [01/Mar/2022:11:22:02 +0100] "GET /pages/forgotpassword.php HTTP/1.1" 200 2902
::1 - - [01/Mar/2022:11:22:02 +0100] "GET /backgrounds/002.jpg HTTP/1.1" 304 -
::1 - - [01/Mar/2022:11:23:20 +0100] "GET /pages/forgotpassword.php HTTP/1.1" 200 2902
::1 - - [01/Mar/2022:11:23:23 +0100] "GET /pages/forgotpassword.php?lang=en HTTP/1.1" 200 2895
::1 - - [01/Mar/2022:11:23:23 +0100] "GET /backgrounds/012.jpg HTTP/1.1" 304 -
::1 - - [01/Mar/2022:11:23:37 +0100] "GET /pages/forgotpassword.php?lang=en HTTP/1.1" 200 2895
::1 - - [01/Mar/2022:11:23:37 +0100] "GET /backgrounds/008.jpg HTTP/1.1" 304 -
::1 - - [01/Mar/2022:11:23:43 +0100] "GET /pages/forgotpassword.php?lang=en HTTP/1.1" 200 2891
::1 - - [01/Mar/2022:11:23:48 +0100] "GET /pages/forgotpassword.php?lang=hu HTTP/1.1" 200 2898
::1 - - [01/Mar/2022:11:23:48 +0100] "GET /backgrounds/004.jpg HTTP/1.1" 304 -
::1 - - [01/Mar/2022:11:23:50 +0100] "GET /pages/login.php HTTP/1.1" 200 3252
::1 - - [01/Mar/2022:11:27:42 +0100] "GET /pages/forgotpassword.php HTTP/1.1" 200 2898
::1 - - [01/Mar/2022:11:27:42 +0100] "GET /js/background.js HTTP/1.1" 304 -
::1 - - [01/Mar/2022:11:27:46 +0100] "GET /pages/forgotpassword.php?lang=en HTTP/1.1" 200 2891
::1 - - [01/Mar/2022:11:27:50 +0100] "GET /pages/forgotpassword.php?lang=hu HTTP/1.1" 200 2898
::1 - - [01/Mar/2022:11:27:55 +0100] "GET /pages/login.php HTTP/1.1" 200 3252
::1 - - [01/Mar/2022:11:27:55 +0100] "GET /backgrounds/011.jpg HTTP/1.1" 304 -
::1 - - [01/Mar/2022:11:28:33 +0100] "GET /pages/forgotpassword.php HTTP/1.1" 200 2932
::1 - - [01/Mar/2022:11:28:33 +0100] "GET /css/login.css HTTP/1.1" 304 -
::1 - - [01/Mar/2022:11:28:50 +0100] "GET /pages/forgotpassword.php HTTP/1.1" 200 2932
::1 - - [01/Mar/2022:11:28:51 +0100] "GET /pages/login.php HTTP/1.1" 200 3293
::1 - - [01/Mar/2022:11:31:23 +0100] "GET /pages/login.php HTTP/1.1" 200 3415
::1 - - [01/Mar/2022:11:31:23 +0100] "GET /backgrounds/004.jpg HTTP/1.1" 304 -
::1 - - [01/Mar/2022:11:34:22 +0100] "GET /pages/login.php HTTP/1.1" 200 3708
::1 - - [01/Mar/2022:11:34:22 +0100] "GET /backgrounds/005.jpg HTTP/1.1" 304 -
::1 - - [01/Mar/2022:11:34:23 +0100] "GET /index.php HTTP/1.1" 200 3209
::1 - - [01/Mar/2022:11:34:23 +0100] "GET /css/main.css HTTP/1.1" 304 -
::1 - - [01/Mar/2022:11:34:23 +0100] "GET /backgrounds/015.jpg HTTP/1.1" 304 -
::1 - - [01/Mar/2022:11:34:24 +0100] "GET /pages/login.php HTTP/1.1" 200 3708
::1 - - [01/Mar/2022:11:34:24 +0100] "GET /backgrounds/001.jpg HTTP/1.1" 304 -
::1 - - [01/Mar/2022:11:34:25 +0100] "GET /pages/login.php HTTP/1.1" 200 3708
::1 - - [01/Mar/2022:11:34:25 +0100] "GET /js/background.js HTTP/1.1" 304 -
::1 - - [01/Mar/2022:11:34:25 +0100] "GET /backgrounds/002.jpg HTTP/1.1" 304 -
::1 - - [01/Mar/2022:11:34:26 +0100] "GET /pages/register.php HTTP/1.1" 200 77
::1 - - [01/Mar/2022:11:34:29 +0100] "GET /index.php HTTP/1.1" 200 3209
::1 - - [01/Mar/2022:11:34:29 +0100] "GET /backgrounds/003.jpg HTTP/1.1" 304 -
::1 - - [01/Mar/2022:11:34:30 +0100] "GET /index.php?lang=en HTTP/1.1" 200 3152
::1 - - [01/Mar/2022:11:34:30 +0100] "GET /backgrounds/012.jpg HTTP/1.1" 304 -
::1 - - [01/Mar/2022:11:34:33 +0100] "GET /index.php HTTP/1.1" 200 3152
::1 - - [01/Mar/2022:11:34:33 +0100] "GET /backgrounds/006.jpg HTTP/1.1" 304 -
::1 - - [01/Mar/2022:11:34:34 +0100] "GET /pages/login.php HTTP/1.1" 200 3708
::1 - - [01/Mar/2022:11:34:35 +0100] "GET /pages/login.php HTTP/1.1" 200 3708
::1 - - [01/Mar/2022:11:34:35 +0100] "GET /index.php HTTP/1.1" 200 3152
::1 - - [01/Mar/2022:11:34:37 +0100] "GET /index.php HTTP/1.1" 200 3152
::1 - - [01/Mar/2022:11:34:37 +0100] "GET /pages/login.php HTTP/1.1" 200 3708
::1 - - [01/Mar/2022:11:34:39 +0100] "GET /pages/login.php HTTP/1.1" 200 3708
::1 - - [01/Mar/2022:11:34:40 +0100] "GET /pages/login.php HTTP/1.1" 200 3708
::1 - - [01/Mar/2022:11:34:40 +0100] "GET /pages/register.php HTTP/1.1" 200 77
::1 - - [01/Mar/2022:11:34:43 +0100] "GET /index.php HTTP/1.1" 200 3152
::1 - - [01/Mar/2022:11:34:43 +0100] "GET /backgrounds/007.jpg HTTP/1.1" 304 -
::1 - - [01/Mar/2022:11:34:48 +0100] "GET /index.php HTTP/1.1" 200 3152
::1 - - [01/Mar/2022:11:34:49 +0100] "GET /index.php HTTP/1.1" 200 3152
::1 - - [01/Mar/2022:11:34:49 +0100] "GET /backgrounds/008.jpg HTTP/1.1" 304 -
::1 - - [01/Mar/2022:11:34:49 +0100] "GET /pages/login.php HTTP/1.1" 200 3708
::1 - - [01/Mar/2022:11:34:50 +0100] "GET /index.php HTTP/1.1" 200 3152
::1 - - [01/Mar/2022:11:39:43 +0100] "GET /index.php HTTP/1.1" 200 3163
::1 - - [01/Mar/2022:11:39:44 +0100] "GET /index.php HTTP/1.1" 200 3163
::1 - - [01/Mar/2022:11:39:57 +0100] "GET /index.php HTTP/1.1" 200 3160
::1 - - [01/Mar/2022:11:39:57 +0100] "GET /backgrounds/010.jpg HTTP/1.1" 304 -
::1 - - [01/Mar/2022:11:40:08 +0100] "GET /index.php HTTP/1.1" 200 3171
::1 - - [01/Mar/2022:11:40:08 +0100] "GET /backgrounds/014.jpg HTTP/1.1" 304 -
::1 - - [01/Mar/2022:11:40:15 +0100] "GET /index.php HTTP/1.1" 200 3171
::1 - - [01/Mar/2022:11:40:30 +0100] "GET /index.php HTTP/1.1" 200 3153
::1 - - [01/Mar/2022:11:40:41 +0100] "GET /index.php?lang=hu HTTP/1.1" 200 3211
::1 - - [01/Mar/2022:11:40:41 +0100] "GET /backgrounds/009.jpg HTTP/1.1" 304 -
::1 - - [01/Mar/2022:11:40:49 +0100] "GET /index.php?lang=en HTTP/1.1" 200 3153
::1 - - [01/Mar/2022:11:40:55 +0100] "GET /index.php?lang=hu HTTP/1.1" 200 3211
::1 - - [01/Mar/2022:11:40:55 +0100] "GET /backgrounds/011.jpg HTTP/1.1" 304 -
::1 - - [01/Mar/2022:11:41:07 +0100] "GET /index.php?lang=hu HTTP/1.1" 200 3211
::1 - - [03/Mar/2022:08:32:12 +0100] "GET / HTTP/1.1" 404 297
::1 - - [03/Mar/2022:08:32:12 +0100] "GET /favicon.ico HTTP/1.1" 404 297
::1 - - [03/Mar/2022:08:32:14 +0100] "GET / HTTP/1.1" 404 297
::1 - - [03/Mar/2022:08:32:49 +0100] "GET / HTTP/1.1" 404 297
::1 - - [03/Mar/2022:08:33:32 +0100] "GET / HTTP/1.1" 200 3211
::1 - - [03/Mar/2022:08:33:32 +0100] "GET /css/main.css HTTP/1.1" 200 346
::1 - - [03/Mar/2022:08:33:32 +0100] "GET /js/background.js HTTP/1.1" 200 627
::1 - - [03/Mar/2022:08:33:32 +0100] "GET /backgrounds/009.jpg HTTP/1.1" 200 1067089
::1 - - [03/Mar/2022:08:34:14 +0100] "GET / HTTP/1.1" 200 3211
::1 - - [03/Mar/2022:08:34:14 +0100] "GET /backgrounds/003.jpg HTTP/1.1" 200 1438158
::1 - - [03/Mar/2022:08:34:45 +0100] "GET / HTTP/1.1" 200 3279
::1 - - [03/Mar/2022:08:34:45 +0100] "GET /backgrounds/006.jpg HTTP/1.1" 200 1473730
::1 - - [03/Mar/2022:08:34:46 +0100] "GET / HTTP/1.1" 200 3279
::1 - - [03/Mar/2022:08:34:46 +0100] "GET /backgrounds/001.jpg HTTP/1.1" 200 1510471
::1 - - [03/Mar/2022:08:34:46 +0100] "GET / HTTP/1.1" 200 3279
::1 - - [03/Mar/2022:08:34:46 +0100] "GET / HTTP/1.1" 200 3279
::1 - - [03/Mar/2022:08:34:46 +0100] "GET /backgrounds/014.jpg HTTP/1.1" 200 1724634
::1 - - [03/Mar/2022:08:35:04 +0100] "GET / HTTP/1.1" 200 3274
::1 - - [03/Mar/2022:08:35:04 +0100] "GET /backgrounds/010.jpg HTTP/1.1" 200 125930
::1 - - [03/Mar/2022:08:35:04 +0100] "GET / HTTP/1.1" 200 3274
::1 - - [03/Mar/2022:08:35:04 +0100] "GET / HTTP/1.1" 200 3274
::1 - - [03/Mar/2022:08:35:04 +0100] "GET /backgrounds/015.jpg HTTP/1.1" 200 1386900
::1 - - [03/Mar/2022:08:35:04 +0100] "GET / HTTP/1.1" 200 3274
::1 - - [03/Mar/2022:08:35:04 +0100] "GET /backgrounds/005.jpg HTTP/1.1" 200 858376
::1 - - [03/Mar/2022:08:35:04 +0100] "GET / HTTP/1.1" 200 3274
::1 - - [03/Mar/2022:08:35:05 +0100] "GET / HTTP/1.1" 200 3274
::1 - - [03/Mar/2022:08:35:05 +0100] "GET / HTTP/1.1" 200 3274
::1 - - [03/Mar/2022:08:36:29 +0100] "GET / HTTP/1.1" 200 3282
::1 - - [03/Mar/2022:08:36:42 +0100] "GET / HTTP/1.1" 200 3285
::1 - - [03/Mar/2022:08:37:12 +0100] "GET / HTTP/1.1" 200 3285
::1 - - [03/Mar/2022:08:37:14 +0100] "GET / HTTP/1.1" 200 3285
::1 - - [03/Mar/2022:08:37:14 +0100] "GET /backgrounds/013.jpg HTTP/1.1" 200 1146859
::1 - - [03/Mar/2022:08:37:40 +0100] "GET / HTTP/1.1" 200 3269
::1 - - [03/Mar/2022:08:37:49 +0100] "GET / HTTP/1.1" 200 3281
::1 - - [03/Mar/2022:08:37:49 +0100] "GET /backgrounds/002.jpg HTTP/1.1" 200 1205195
::1 - - [03/Mar/2022:08:39:00 +0100] "GET / HTTP/1.1" 200 3282
::1 - - [03/Mar/2022:08:39:00 +0100] "GET /backgrounds/011.jpg HTTP/1.1" 200 2555750
::1 - - [03/Mar/2022:08:39:14 +0100] "GET / HTTP/1.1" 200 3230
::1 - - [03/Mar/2022:08:39:14 +0100] "GET / HTTP/1.1" 200 3230
::1 - - [03/Mar/2022:08:39:14 +0100] "GET / HTTP/1.1" 200 3230
::1 - - [03/Mar/2022:08:40:33 +0100] "GET / HTTP/1.1" 200 3223
::1 - - [03/Mar/2022:08:40:34 +0100] "GET / HTTP/1.1" 200 3223
::1 - - [03/Mar/2022:08:40:34 +0100] "GET /backgrounds/012.jpg HTTP/1.1" 200 767600
::1 - - [03/Mar/2022:08:40:46 +0100] "GET / HTTP/1.1" 200 3223
::1 - - [03/Mar/2022:08:40:46 +0100] "GET /backgrounds/007.jpg HTTP/1.1" 200 1546631
::1 - - [03/Mar/2022:08:41:54 +0100] "GET / HTTP/1.1" 200 3242
::1 - - [03/Mar/2022:08:41:54 +0100] "GET / HTTP/1.1" 200 3242
::1 - - [03/Mar/2022:08:41:54 +0100] "GET / HTTP/1.1" 200 3242
::1 - - [03/Mar/2022:08:41:55 +0100] "GET / HTTP/1.1" 200 3242
::1 - - [03/Mar/2022:08:42:02 +0100] "GET / HTTP/1.1" 200 3247
::1 - - [03/Mar/2022:08:42:02 +0100] "GET /backgrounds/008.jpg HTTP/1.1" 200 1016167
::1 - - [03/Mar/2022:08:42:03 +0100] "GET / HTTP/1.1" 200 3247
::1 - - [03/Mar/2022:08:42:03 +0100] "GET / HTTP/1.1" 200 3247
::1 - - [03/Mar/2022:08:42:03 +0100] "GET /backgrounds/004.jpg HTTP/1.1" 200 1293520
::1 - - [03/Mar/2022:08:42:03 +0100] "GET / HTTP/1.1" 200 3247
::1 - - [03/Mar/2022:08:42:52 +0100] "GET / HTTP/1.1" 200 3246
::1 - - [03/Mar/2022:08:44:18 +0100] "GET / HTTP/1.1" 200 3247
::1 - - [03/Mar/2022:08:46:41 +0100] "GET / HTTP/1.1" 200 3303
::1 - - [03/Mar/2022:08:48:11 +0100] "GET / HTTP/1.1" 200 3303
::1 - - [03/Mar/2022:08:48:12 +0100] "GET /pages/login.php HTTP/1.1" 200 3786
::1 - - [03/Mar/2022:08:48:12 +0100] "GET /css/login.css HTTP/1.1" 200 1116
::1 - - [03/Mar/2022:08:48:14 +0100] "GET /pages/register.php HTTP/1.1" 200 77
::1 - - [03/Mar/2022:08:48:16 +0100] "GET /pages/login.php HTTP/1.1" 200 3786
::1 - - [03/Mar/2022:08:48:16 +0100] "GET /index.php HTTP/1.1" 200 3303
::1 - - [03/Mar/2022:08:48:17 +0100] "GET /pages/login.php HTTP/1.1" 200 3786
::1 - - [03/Mar/2022:08:48:21 +0100] "GET /pages/login.php?lang=en HTTP/1.1" 200 3764
::1 - - [03/Mar/2022:08:48:22 +0100] "GET /pages/login.php HTTP/1.1" 200 3764
::1 - - [03/Mar/2022:08:48:23 +0100] "GET /index.php HTTP/1.1" 200 3303
::1 - - [03/Mar/2022:08:48:24 +0100] "GET /index.php HTTP/1.1" 200 3303
::1 - - [03/Mar/2022:08:48:25 +0100] "GET /pages/login.php HTTP/1.1" 200 3764
::1 - - [03/Mar/2022:08:48:31 +0100] "GET /pages/login.php?lang=en HTTP/1.1" 200 3764
::1 - - [03/Mar/2022:08:48:32 +0100] "GET /pages/login.php HTTP/1.1" 200 3764
::1 - - [03/Mar/2022:08:48:34 +0100] "GET /index.php HTTP/1.1" 200 3303
::1 - - [03/Mar/2022:08:49:04 +0100] "GET /index.php?lang=en HTTP/1.1" 200 3245
::1 - - [03/Mar/2022:08:49:08 +0100] "GET /index.php HTTP/1.1" 200 3245
::1 - - [03/Mar/2022:08:52:19 +0100] "GET /index.php HTTP/1.1" 200 3269
::1 - - [03/Mar/2022:08:52:24 +0100] "GET /index.php?lang=en HTTP/1.1" 200 3293
::1 - - [03/Mar/2022:08:52:30 +0100] "GET /index.php?lang=en HTTP/1.1" 200 3293
::1 - - [03/Mar/2022:08:52:32 +0100] "GET /pages/login.php?lang=en HTTP/1.1" 200 3764
::1 - - [03/Mar/2022:08:52:34 +0100] "GET /index.php HTTP/1.1" 200 3269
::1 - - [03/Mar/2022:08:52:34 +0100] "GET /pages/login.php HTTP/1.1" 200 3764
::1 - - [03/Mar/2022:08:52:35 +0100] "GET /index.php HTTP/1.1" 200 3269
::1 - - [03/Mar/2022:08:52:35 +0100] "GET /pages/login.php HTTP/1.1" 200 3764
::1 - - [03/Mar/2022:08:52:41 +0100] "GET /pages/login.php?lang=hu HTTP/1.1" 200 3786
::1 - - [03/Mar/2022:08:52:48 +0100] "GET /index.php HTTP/1.1" 200 3269
::1 - - [03/Mar/2022:08:52:57 +0100] "GET /pages/login.php HTTP/1.1" 200 3786
::1 - - [03/Mar/2022:08:53:00 +0100] "GET /index.php HTTP/1.1" 200 3269
::1 - - [03/Mar/2022:08:54:01 +0100] "GET /index.php HTTP/1.1" 200 3269
::1 - - [03/Mar/2022:08:54:03 +0100] "GET /index.php?lang=en HTTP/1.1" 200 3293
::1 - - [03/Mar/2022:08:54:04 +0100] "GET /pages/login.php?lang=en HTTP/1.1" 200 3764
::1 - - [03/Mar/2022:08:54:05 +0100] "GET /index.php HTTP/1.1" 200 3269
::1 - - [03/Mar/2022:08:54:14 +0100] "GET /index.php?lang=hu HTTP/1.1" 200 3351
::1 - - [03/Mar/2022:08:54:15 +0100] "GET /pages/login.php?lang=hu HTTP/1.1" 200 3786
::1 - - [03/Mar/2022:08:54:17 +0100] "GET /index.php HTTP/1.1" 200 3327
::1 - - [03/Mar/2022:08:54:47 +0100] "GET /index.php HTTP/1.1" 200 3327
::1 - - [03/Mar/2022:08:54:49 +0100] "GET /index.php?lang=en HTTP/1.1" 200 3293
::1 - - [03/Mar/2022:08:54:50 +0100] "GET /pages/login.php?lang=en HTTP/1.1" 200 3856
::1 - - [03/Mar/2022:08:54:51 +0100] "GET /index.php?lang=en HTTP/1.1" 200 3293
::1 - - [03/Mar/2022:08:54:53 +0100] "GET /index.php?lang=hu HTTP/1.1" 200 3351
::1 - - [03/Mar/2022:08:54:54 +0100] "GET /pages/login.php?lang=hu HTTP/1.1" 200 3878
::1 - - [03/Mar/2022:08:54:55 +0100] "GET /index.php?lang=hu HTTP/1.1" 200 3351
::1 - - [03/Mar/2022:08:55:15 +0100] "GET /index.php?lang=en HTTP/1.1" 200 3293
::1 - - [03/Mar/2022:08:56:39 +0100] "GET /pages/register.php?lang=en HTTP/1.1" 200 77
::1 - - [03/Mar/2022:08:58:49 +0100] "GET /pages/register.php?lang=en HTTP/1.1" 200 77
::1 - - [03/Mar/2022:08:58:49 +0100] "GET /pages/register.php?lang=en HTTP/1.1" 200 77
::1 - - [03/Mar/2022:08:58:50 +0100] "GET /pages/register.php?lang=en HTTP/1.1" 200 77
::1 - - [03/Mar/2022:09:08:09 +0100] "GET /index.php?lang=en HTTP/1.1" 200 3293
::1 - - [03/Mar/2022:09:08:10 +0100] "GET /pages/register.php?lang=en HTTP/1.1" 200 3100
::1 - - [03/Mar/2022:09:08:11 +0100] "GET /pages/register.php?lang=en HTTP/1.1" 200 3100
::1 - - [03/Mar/2022:09:08:23 +0100] "GET /pages/register.php?lang=en HTTP/1.1" 200 3103
::1 - - [03/Mar/2022:09:10:04 +0100] "GET /pages/register.php?lang=en HTTP/1.1" 200 4827
::1 - - [03/Mar/2022:09:10:29 +0100] "GET /pages/register.php?lang=en HTTP/1.1" 200 4797
::1 - - [03/Mar/2022:09:10:30 +0100] "GET /pages/register.php?lang=en HTTP/1.1" 200 4797
::1 - - [03/Mar/2022:09:11:54 +0100] "GET /pages/register.php?lang=en HTTP/1.1" 200 3770
::1 - - [03/Mar/2022:09:13:54 +0100] "GET /pages/register.php?lang=en HTTP/1.1" 200 6118
::1 - - [03/Mar/2022:09:14:16 +0100] "GET /pages/register.php?lang=en HTTP/1.1" 200 6096
::1 - - [03/Mar/2022:09:14:18 +0100] "GET /pages/register.php?lang=en HTTP/1.1" 200 6096
::1 - - [03/Mar/2022:09:14:25 +0100] "GET /pages/register.php?lang=en HTTP/1.1" 200 6119
::1 - - [03/Mar/2022:09:14:26 +0100] "GET /pages/register.php?lang=en HTTP/1.1" 200 6119
::1 - - [03/Mar/2022:09:14:32 +0100] "GET /pages/register.php?lang=en HTTP/1.1" 200 6118
::1 - - [03/Mar/2022:09:14:39 +0100] "GET /pages/register.php?lang=en HTTP/1.1" 200 6118
::1 - - [03/Mar/2022:09:14:46 +0100] "GET /pages/register.php?lang=en HTTP/1.1" 200 6118
::1 - - [03/Mar/2022:09:14:48 +0100] "GET /pages/register.php?lang=en HTTP/1.1" 200 6118
::1 - - [03/Mar/2022:09:14:58 +0100] "GET /pages/register.php?lang=en HTTP/1.1" 200 6118
::1 - - [03/Mar/2022:09:15:33 +0100] "GET /pages/register.php?lang=en HTTP/1.1" 200 6162
::1 - - [03/Mar/2022:09:16:02 +0100] "GET /pages/register.php?lang=en HTTP/1.1" 200 6001
::1 - - [03/Mar/2022:09:16:14 +0100] "GET /pages/register.php?lang=en HTTP/1.1" 200 5885
::1 - - [03/Mar/2022:09:16:15 +0100] "GET /pages/register.php?lang=en HTTP/1.1" 200 5885
::1 - - [03/Mar/2022:09:16:16 +0100] "GET /pages/register.php?lang=en HTTP/1.1" 200 5885
::1 - - [03/Mar/2022:09:16:16 +0100] "GET /pages/register.php?lang=en HTTP/1.1" 200 5885
::1 - - [03/Mar/2022:09:19:30 +0100] "GET /pages/register.php?lang=en HTTP/1.1" 200 5863
::1 - - [03/Mar/2022:09:19:42 +0100] "GET /pages/register.php?lang=en HTTP/1.1" 200 5885
::1 - - [03/Mar/2022:09:19:53 +0100] "GET /pages/register.php?lang=en HTTP/1.1" 200 5863
::1 - - [03/Mar/2022:09:20:10 +0100] "GET /pages/register.php?lang=en HTTP/1.1" 200 5883
::1 - - [03/Mar/2022:09:21:27 +0100] "GET /pages/register.php?lang=en HTTP/1.1" 200 5858
::1 - - [03/Mar/2022:09:21:30 +0100] "GET /pages/register.php?lang=en HTTP/1.1" 200 5858
::1 - - [03/Mar/2022:09:21:30 +0100] "GET /pages/register.php?lang=en HTTP/1.1" 200 5858
::1 - - [03/Mar/2022:09:21:31 +0100] "GET /pages/register.php?lang=en HTTP/1.1" 200 5858
::1 - - [03/Mar/2022:09:21:31 +0100] "GET /pages/register.php?lang=en HTTP/1.1" 200 5858
::1 - - [03/Mar/2022:09:21:31 +0100] "GET /pages/register.php?lang=en HTTP/1.1" 200 5858
::1 - - [03/Mar/2022:09:21:40 +0100] "GET /pages/register.php?lang=en HTTP/1.1" 200 5883
::1 - - [03/Mar/2022:09:21:43 +0100] "GET /pages/register.php?lang=en HTTP/1.1" 200 5883
::1 - - [03/Mar/2022:09:21:43 +0100] "GET /pages/register.php?lang=en HTTP/1.1" 200 5883
::1 - - [03/Mar/2022:09:21:43 +0100] "GET /pages/register.php?lang=en HTTP/1.1" 200 5883
::1 - - [03/Mar/2022:09:21:44 +0100] "GET /pages/register.php?lang=en HTTP/1.1" 200 5883
::1 - - [03/Mar/2022:09:21:44 +0100] "GET /pages/register.php?lang=en HTTP/1.1" 200 5883
::1 - - [03/Mar/2022:09:21:49 +0100] "GET /pages/register.php HTTP/1.1" 200 5859
::1 - - [03/Mar/2022:09:21:52 +0100] "GET /pages/register.php HTTP/1.1" 200 5859
::1 - - [03/Mar/2022:09:21:52 +0100] "GET /pages/register.php HTTP/1.1" 200 5859
::1 - - [03/Mar/2022:09:21:53 +0100] "GET /pages/register.php HTTP/1.1" 200 5859
::1 - - [03/Mar/2022:09:26:30 +0100] "GET /pages/login.php HTTP/1.1" 200 3832
::1 - - [03/Mar/2022:09:26:30 +0100] "GET /index.php HTTP/1.1" 200 3269
::1 - - [03/Mar/2022:09:26:31 +0100] "GET /pages/login.php HTTP/1.1" 200 3832
::1 - - [03/Mar/2022:09:26:33 +0100] "GET /pages/login.php?lang=en HTTP/1.1" 200 3856
::1 - - [03/Mar/2022:09:26:35 +0100] "GET /index.php?lang=en HTTP/1.1" 200 3293
::1 - - [03/Mar/2022:09:26:35 +0100] "GET /pages/login.php?lang=en HTTP/1.1" 200 3856
::1 - - [03/Mar/2022:09:26:36 +0100] "GET /pages/register.php?lang=en HTTP/1.1" 200 5883
::1 - - [03/Mar/2022:09:27:31 +0100] "GET /pages/register.php?lang=en HTTP/1.1" 200 5806
::1 - - [03/Mar/2022:09:27:50 +0100] "GET /pages/register.php?lang=en HTTP/1.1" 200 5831
::1 - - [03/Mar/2022:09:28:37 +0100] "GET /pages/register.php?lang=en HTTP/1.1" 200 5729
::1 - - [03/Mar/2022:09:29:03 +0100] "GET /pages/register.php?lang=en HTTP/1.1" 200 5731
::1 - - [03/Mar/2022:09:29:16 +0100] "GET /pages/register.php?lang=en HTTP/1.1" 200 5729
::1 - - [03/Mar/2022:09:29:48 +0100] "GET /pages/register.php?lang=en HTTP/1.1" 200 5756
::1 - - [03/Mar/2022:09:29:54 +0100] "GET /pages/register.php?lang=en HTTP/1.1" 200 5756
::1 - - [03/Mar/2022:09:30:01 +0100] "GET /pages/register.php?lang=en HTTP/1.1" 200 5756
::1 - - [03/Mar/2022:09:30:06 +0100] "GET /pages/register.php?lang=en HTTP/1.1" 200 5756
::1 - - [03/Mar/2022:09:30:14 +0100] "GET /pages/register.php?lang=en HTTP/1.1" 200 5756
::1 - - [03/Mar/2022:09:30:39 +0100] "GET /pages/register.php?lang=en HTTP/1.1" 200 5737
::1 - - [03/Mar/2022:09:31:10 +0100] "GET /pages/register.php?lang=en HTTP/1.1" 200 5694
::1 - - [03/Mar/2022:09:31:26 +0100] "GET /pages/register.php?lang=en HTTP/1.1" 200 5694
::1 - - [03/Mar/2022:09:32:48 +0100] "GET /pages/register.php?lang=en HTTP/1.1" 200 5694
::1 - - [03/Mar/2022:09:32:49 +0100] "GET /pages/register.php?lang=hu HTTP/1.1" 200 5718
::1 - - [03/Mar/2022:09:34:35 +0100] "GET /pages/register.php?lang=hu HTTP/1.1" 200 5718
::1 - - [03/Mar/2022:09:34:39 +0100] "GET /pages/register.php?lang=hu HTTP/1.1" 200 5718
::1 - - [03/Mar/2022:09:34:39 +0100] "GET /pages/register.php?lang=hu HTTP/1.1" 200 5718
::1 - - [03/Mar/2022:09:35:16 +0100] "GET /pages/register.php?lang=hu HTTP/1.1" 200 5713
::1 - - [03/Mar/2022:09:35:20 +0100] "GET /pages/register.php?lang=en HTTP/1.1" 200 5694
::1 - - [03/Mar/2022:09:35:21 +0100] "GET /pages/register.php?lang=hu HTTP/1.1" 200 5713
::1 - - [03/Mar/2022:09:35:26 +0100] "GET /pages/register.php?lang=en HTTP/1.1" 200 5694
::1 - - [03/Mar/2022:10:19:41 +0100] "GET /pages/register.php?lang=en HTTP/1.1" 200 5694
::1 - - [03/Mar/2022:10:19:43 +0100] "GET /pages/register.php?lang=hu HTTP/1.1" 200 5713
::1 - - [03/Mar/2022:10:23:03 +0100] "GET /pages/register.php?lang=hu HTTP/1.1" 200 5738
::1 - - [03/Mar/2022:10:23:07 +0100] "GET /pages/register.php?lang=en HTTP/1.1" 200 5705
::1 - - [03/Mar/2022:10:23:18 +0100] "GET /pages/register.php?lang=en HTTP/1.1" 200 5678
::1 - - [03/Mar/2022:10:23:22 +0100] "GET /pages/register.php?lang=en HTTP/1.1" 200 5678
::1 - - [03/Mar/2022:10:23:33 +0100] "GET /pages/register.php?lang=hu HTTP/1.1" 200 5711
::1 - - [03/Mar/2022:10:27:17 +0100] "GET /pages/register.php?lang=hu HTTP/1.1" 200 5707
::1 - - [03/Mar/2022:10:27:24 +0100] "GET /pages/register.php?lang=hu HTTP/1.1" 200 5708
::1 - - [03/Mar/2022:10:27:29 +0100] "GET /pages/register.php?lang=en HTTP/1.1" 200 5673
::1 - - [03/Mar/2022:10:27:37 +0100] "GET /pages/register.php?lang=hu HTTP/1.1" 200 5708
::1 - - [03/Mar/2022:10:27:51 +0100] "GET /pages/register.php?lang=hu HTTP/1.1" 200 5707
::1 - - [03/Mar/2022:10:27:55 +0100] "GET /pages/register.php?lang=en HTTP/1.1" 200 5673
::1 - - [03/Mar/2022:10:28:00 +0100] "GET /pages/login.php?lang=en HTTP/1.1" 200 3856
::1 - - [03/Mar/2022:10:28:01 +0100] "GET /pages/register.php?lang=en HTTP/1.1" 200 5673
::1 - - [03/Mar/2022:10:28:02 +0100] "GET /index.php?lang=en HTTP/1.1" 200 3293
::1 - - [03/Mar/2022:10:28:03 +0100] "GET /pages/register.php?lang=en HTTP/1.1" 200 5673
::1 - - [03/Mar/2022:10:28:04 +0100] "GET /pages/login.php?lang=en HTTP/1.1" 200 3856
::1 - - [03/Mar/2022:10:28:06 +0100] "GET /pages/login.php?lang=hu HTTP/1.1" 200 3878
::1 - - [03/Mar/2022:10:28:07 +0100] "GET /pages/register.php?lang=hu HTTP/1.1" 200 5707
::1 - - [03/Mar/2022:10:28:08 +0100] "GET /index.php?lang=hu HTTP/1.1" 200 3351
::1 - - [03/Mar/2022:10:28:09 +0100] "GET /pages/login.php?lang=hu HTTP/1.1" 200 3878
::1 - - [03/Mar/2022:10:28:10 +0100] "GET /pages/register.php?lang=hu HTTP/1.1" 200 5707
::1 - - [03/Mar/2022:11:18:24 +0100] "GET /pages/register.php?lang=en HTTP/1.1" 200 5673
::1 - - [03/Mar/2022:11:19:25 +0100] "GET /pages/register.php?lang=en HTTP/1.1" 200 5673
::1 - - [03/Mar/2022:11:19:25 +0100] "GET /pages/register.php?lang=en HTTP/1.1" 200 5673
::1 - - [03/Mar/2022:11:19:26 +0100] "GET /pages/register.php?lang=en HTTP/1.1" 200 5673
::1 - - [03/Mar/2022:11:19:26 +0100] "GET /pages/register.php?lang=en HTTP/1.1" 200 5673
::1 - - [03/Mar/2022:11:19:26 +0100] "GET /pages/register.php?lang=en HTTP/1.1" 200 5673
::1 - - [03/Mar/2022:11:19:27 +0100] "GET /pages/register.php?lang=en HTTP/1.1" 200 5673
::1 - - [03/Mar/2022:11:19:28 +0100] "GET /pages/register.php?lang=en HTTP/1.1" 200 5673
::1 - - [03/Mar/2022:11:19:30 +0100] "GET /pages/register.php?lang=en HTTP/1.1" 200 5673
::1 - - [03/Mar/2022:11:19:31 +0100] "GET /pages/register.php?lang=en HTTP/1.1" 200 5673
::1 - - [03/Mar/2022:11:19:31 +0100] "GET /pages/register.php?lang=en HTTP/1.1" 200 5673
::1 - - [03/Mar/2022:11:19:31 +0100] "GET /pages/register.php?lang=en HTTP/1.1" 200 5673
::1 - - [03/Mar/2022:11:19:32 +0100] "GET /pages/register.php?lang=en HTTP/1.1" 200 5673
::1 - - [03/Mar/2022:11:19:32 +0100] "GET /pages/register.php?lang=en HTTP/1.1" 200 5673
::1 - - [03/Mar/2022:11:19:33 +0100] "GET /pages/register.php?lang=en HTTP/1.1" 200 5673
::1 - - [03/Mar/2022:11:19:33 +0100] "GET /pages/register.php?lang=en HTTP/1.1" 200 5673
::1 - - [03/Mar/2022:11:19:33 +0100] "GET /pages/register.php?lang=en HTTP/1.1" 200 5673
::1 - - [03/Mar/2022:11:19:33 +0100] "GET /pages/register.php?lang=en HTTP/1.1" 200 5673
::1 - - [03/Mar/2022:11:19:34 +0100] "GET /pages/register.php?lang=en HTTP/1.1" 200 5673
::1 - - [03/Mar/2022:11:19:34 +0100] "GET /pages/register.php?lang=en HTTP/1.1" 200 5673
::1 - - [03/Mar/2022:11:19:35 +0100] "GET /pages/register.php?lang=en HTTP/1.1" 200 5673
::1 - - [03/Mar/2022:11:19:35 +0100] "GET /pages/register.php?lang=en HTTP/1.1" 200 5673
::1 - - [03/Mar/2022:11:19:36 +0100] "GET /pages/register.php?lang=en HTTP/1.1" 200 5673
::1 - - [03/Mar/2022:11:19:37 +0100] "GET /pages/register.php?lang=en HTTP/1.1" 200 5673
::1 - - [03/Mar/2022:11:19:37 +0100] "GET /pages/register.php?lang=en HTTP/1.1" 200 5673
::1 - - [03/Mar/2022:11:19:38 +0100] "GET /pages/register.php?lang=en HTTP/1.1" 200 5673
::1 - - [03/Mar/2022:11:19:38 +0100] "GET /pages/register.php?lang=en HTTP/1.1" 200 5673
::1 - - [03/Mar/2022:11:19:40 +0100] "GET /pages/register.php?lang=en HTTP/1.1" 200 5673
::1 - - [03/Mar/2022:11:19:41 +0100] "GET /pages/register.php?lang=en HTTP/1.1" 200 5673
::1 - - [03/Mar/2022:11:19:42 +0100] "GET /pages/register.php?lang=en HTTP/1.1" 200 5673
::1 - - [03/Mar/2022:11:19:43 +0100] "GET /pages/register.php?lang=en HTTP/1.1" 200 5673
::1 - - [03/Mar/2022:11:19:44 +0100] "GET /pages/register.php?lang=en HTTP/1.1" 200 5673
::1 - - [03/Mar/2022:11:19:44 +0100] "GET /pages/register.php?lang=en HTTP/1.1" 200 5673
::1 - - [03/Mar/2022:11:19:45 +0100] "GET /pages/register.php?lang=en HTTP/1.1" 200 5673
::1 - - [03/Mar/2022:11:19:46 +0100] "GET /pages/register.php?lang=en HTTP/1.1" 200 5673
::1 - - [03/Mar/2022:11:19:52 +0100] "GET /pages/register.php?lang=en HTTP/1.1" 200 5673
::1 - - [12/Mar/2022:08:37:40 +0100] "GET / HTTP/1.1" 404 297
::1 - - [12/Mar/2022:08:37:40 +0100] "GET /favicon.ico HTTP/1.1" 404 297
::1 - - [12/Mar/2022:08:38:09 +0100] "GET / HTTP/1.1" 404 297
::1 - - [12/Mar/2022:08:38:10 +0100] "GET / HTTP/1.1" 404 297
